{"/Users/mijanul/Projects/personal-project/dev-showcase/expo-env.d.ts": {"path":"/Users/mijanul/Projects/personal-project/dev-showcase/expo-env.d.ts","statementMap":{},"fnMap":{},"branchMap":{},"s":{},"f":{},"b":{}}
,"/Users/mijanul/Projects/personal-project/dev-showcase/.expo/types/router.d.ts": {"path":"/Users/mijanul/Projects/personal-project/dev-showcase/.expo/types/router.d.ts","statementMap":{},"fnMap":{},"branchMap":{},"s":{},"f":{},"b":{}}
,"/Users/mijanul/Projects/personal-project/dev-showcase/app/_layout.tsx": {"path":"/Users/mijanul/Projects/personal-project/dev-showcase/app/_layout.tsx","statementMap":{"0":{"start":{"line":14,"column":33},"end":{"line":16,"column":1}},"1":{"start":{"line":19,"column":22},"end":{"line":19,"column":38}},"2":{"start":{"line":21,"column":2},"end":{"line":39,"column":4}}},"fnMap":{"0":{"name":"RootLayout","decl":{"start":{"line":18,"column":24},"end":{"line":18,"column":34}},"loc":{"start":{"line":18,"column":37},"end":{"line":40,"column":1}},"line":18}},"branchMap":{"0":{"loc":{"start":{"line":25,"column":17},"end":{"line":25,"column":66}},"type":"cond-expr","locations":[{"start":{"line":25,"column":42},"end":{"line":25,"column":51}},{"start":{"line":25,"column":54},"end":{"line":25,"column":66}}],"line":25}},"s":{"0":0,"1":0,"2":0},"f":{"0":0},"b":{"0":[0,0]}}
,"/Users/mijanul/Projects/personal-project/dev-showcase/app/account.tsx": {"path":"/Users/mijanul/Projects/personal-project/dev-showcase/app/account.tsx","statementMap":{"0":{"start":{"line":9,"column":17},"end":{"line":9,"column":28}},"1":{"start":{"line":10,"column":41},"end":{"line":10,"column":51}},"2":{"start":{"line":11,"column":44},"end":{"line":11,"column":53}},"3":{"start":{"line":13,"column":23},"end":{"line":34,"column":3}},"4":{"start":{"line":14,"column":4},"end":{"line":33,"column":7}},"5":{"start":{"line":20,"column":10},"end":{"line":30,"column":11}},"6":{"start":{"line":21,"column":12},"end":{"line":21,"column":27}},"7":{"start":{"line":22,"column":12},"end":{"line":27,"column":15}},"8":{"start":{"line":25,"column":31},"end":{"line":25,"column":67}},"9":{"start":{"line":29,"column":12},"end":{"line":29,"column":72}},"10":{"start":{"line":36,"column":27},"end":{"line":38,"column":3}},"11":{"start":{"line":37,"column":4},"end":{"line":37,"column":38}},"12":{"start":{"line":40,"column":2},"end":{"line":207,"column":4}},"13":{"start":{"line":210,"column":15},"end":{"line":257,"column":2}}},"fnMap":{"0":{"name":"AccountScreen","decl":{"start":{"line":8,"column":24},"end":{"line":8,"column":37}},"loc":{"start":{"line":8,"column":40},"end":{"line":208,"column":1}},"line":8},"1":{"name":"(anonymous_1)","decl":{"start":{"line":13,"column":23},"end":{"line":13,"column":24}},"loc":{"start":{"line":13,"column":29},"end":{"line":34,"column":3}},"line":13},"2":{"name":"(anonymous_2)","decl":{"start":{"line":19,"column":17},"end":{"line":19,"column":18}},"loc":{"start":{"line":19,"column":29},"end":{"line":31,"column":9}},"line":19},"3":{"name":"(anonymous_3)","decl":{"start":{"line":25,"column":25},"end":{"line":25,"column":26}},"loc":{"start":{"line":25,"column":31},"end":{"line":25,"column":67}},"line":25},"4":{"name":"(anonymous_4)","decl":{"start":{"line":36,"column":27},"end":{"line":36,"column":28}},"loc":{"start":{"line":36,"column":33},"end":{"line":38,"column":3}},"line":36}},"branchMap":{"0":{"loc":{"start":{"line":47,"column":16},"end":{"line":47,"column":67}},"type":"cond-expr","locations":[{"start":{"line":47,"column":35},"end":{"line":47,"column":50}},{"start":{"line":47,"column":53},"end":{"line":47,"column":67}}],"line":47},"1":{"loc":{"start":{"line":54,"column":9},"end":{"line":204,"column":9}},"type":"cond-expr","locations":[{"start":{"line":55,"column":10},"end":{"line":182,"column":13}},{"start":{"line":184,"column":10},"end":{"line":203,"column":13}}],"line":54},"2":{"loc":{"start":{"line":54,"column":9},"end":{"line":54,"column":32}},"type":"binary-expr","locations":[{"start":{"line":54,"column":9},"end":{"line":54,"column":24}},{"start":{"line":54,"column":28},"end":{"line":54,"column":32}}],"line":54},"3":{"loc":{"start":{"line":94,"column":15},"end":{"line":109,"column":15}},"type":"binary-expr","locations":[{"start":{"line":94,"column":15},"end":{"line":94,"column":31}},{"start":{"line":95,"column":16},"end":{"line":108,"column":23}}],"line":94}},"s":{"0":0,"1":0,"2":0,"3":0,"4":0,"5":0,"6":0,"7":0,"8":0,"9":0,"10":0,"11":0,"12":0,"13":0},"f":{"0":0,"1":0,"2":0,"3":0,"4":0},"b":{"0":[0,0],"1":[0,0],"2":[0,0],"3":[0,0]}}
,"/Users/mijanul/Projects/personal-project/dev-showcase/app/modal.tsx": {"path":"/Users/mijanul/Projects/personal-project/dev-showcase/app/modal.tsx","statementMap":{"0":{"start":{"line":8,"column":2},"end":{"line":15,"column":4}},"1":{"start":{"line":18,"column":15},"end":{"line":29,"column":2}}},"fnMap":{"0":{"name":"ModalScreen","decl":{"start":{"line":7,"column":24},"end":{"line":7,"column":35}},"loc":{"start":{"line":7,"column":38},"end":{"line":16,"column":1}},"line":7}},"branchMap":{},"s":{"0":0,"1":0},"f":{"0":0},"b":{}}
,"/Users/mijanul/Projects/personal-project/dev-showcase/app/showcase.tsx": {"path":"/Users/mijanul/Projects/personal-project/dev-showcase/app/showcase.tsx","statementMap":{"0":{"start":{"line":7,"column":41},"end":{"line":7,"column":51}},"1":{"start":{"line":9,"column":2},"end":{"line":114,"column":4}},"2":{"start":{"line":117,"column":15},"end":{"line":152,"column":2}}},"fnMap":{"0":{"name":"ComponentShowcase","decl":{"start":{"line":6,"column":24},"end":{"line":6,"column":41}},"loc":{"start":{"line":6,"column":44},"end":{"line":115,"column":1}},"line":6}},"branchMap":{"0":{"loc":{"start":{"line":16,"column":16},"end":{"line":16,"column":67}},"type":"cond-expr","locations":[{"start":{"line":16,"column":35},"end":{"line":16,"column":50}},{"start":{"line":16,"column":53},"end":{"line":16,"column":67}}],"line":16}},"s":{"0":0,"1":0,"2":0},"f":{"0":0},"b":{"0":[0,0]}}
,"/Users/mijanul/Projects/personal-project/dev-showcase/app/(tabs)/_layout.tsx": {"path":"/Users/mijanul/Projects/personal-project/dev-showcase/app/(tabs)/_layout.tsx","statementMap":{"0":{"start":{"line":10,"column":22},"end":{"line":10,"column":38}},"1":{"start":{"line":12,"column":2},"end":{"line":34,"column":4}},"2":{"start":{"line":23,"column":37},"end":{"line":23,"column":93}},"3":{"start":{"line":30,"column":37},"end":{"line":30,"column":98}}},"fnMap":{"0":{"name":"TabLayout","decl":{"start":{"line":9,"column":24},"end":{"line":9,"column":33}},"loc":{"start":{"line":9,"column":36},"end":{"line":35,"column":1}},"line":9},"1":{"name":"(anonymous_1)","decl":{"start":{"line":23,"column":22},"end":{"line":23,"column":23}},"loc":{"start":{"line":23,"column":37},"end":{"line":23,"column":93}},"line":23},"2":{"name":"(anonymous_2)","decl":{"start":{"line":30,"column":22},"end":{"line":30,"column":23}},"loc":{"start":{"line":30,"column":37},"end":{"line":30,"column":98}},"line":30}},"branchMap":{"0":{"loc":{"start":{"line":15,"column":38},"end":{"line":15,"column":60}},"type":"binary-expr","locations":[{"start":{"line":15,"column":38},"end":{"line":15,"column":49}},{"start":{"line":15,"column":53},"end":{"line":15,"column":60}}],"line":15}},"s":{"0":0,"1":0,"2":0,"3":0},"f":{"0":0,"1":0,"2":0},"b":{"0":[0,0]}}
,"/Users/mijanul/Projects/personal-project/dev-showcase/app/(tabs)/explore.tsx": {"path":"/Users/mijanul/Projects/personal-project/dev-showcase/app/(tabs)/explore.tsx","statementMap":{"0":{"start":{"line":13,"column":2},"end":{"line":98,"column":4}},"1":{"start":{"line":101,"column":15},"end":{"line":112,"column":2}}},"fnMap":{"0":{"name":"TabTwoScreen","decl":{"start":{"line":12,"column":24},"end":{"line":12,"column":36}},"loc":{"start":{"line":12,"column":39},"end":{"line":99,"column":1}},"line":12}},"branchMap":{},"s":{"0":0,"1":0},"f":{"0":0},"b":{}}
,"/Users/mijanul/Projects/personal-project/dev-showcase/app/(tabs)/index.tsx": {"path":"/Users/mijanul/Projects/personal-project/dev-showcase/app/(tabs)/index.tsx","statementMap":{"0":{"start":{"line":12,"column":17},"end":{"line":12,"column":28}},"1":{"start":{"line":13,"column":36},"end":{"line":13,"column":45}},"2":{"start":{"line":15,"column":2},"end":{"line":137,"column":4}},"3":{"start":{"line":42,"column":27},"end":{"line":42,"column":59}},"4":{"start":{"line":58,"column":27},"end":{"line":58,"column":62}},"5":{"start":{"line":101,"column":29},"end":{"line":101,"column":52}},"6":{"start":{"line":106,"column":29},"end":{"line":106,"column":51}},"7":{"start":{"line":113,"column":31},"end":{"line":113,"column":54}},"8":{"start":{"line":140,"column":15},"end":{"line":167,"column":2}}},"fnMap":{"0":{"name":"HomeScreen","decl":{"start":{"line":11,"column":24},"end":{"line":11,"column":34}},"loc":{"start":{"line":11,"column":37},"end":{"line":138,"column":1}},"line":11},"1":{"name":"(anonymous_1)","decl":{"start":{"line":42,"column":21},"end":{"line":42,"column":22}},"loc":{"start":{"line":42,"column":27},"end":{"line":42,"column":59}},"line":42},"2":{"name":"(anonymous_2)","decl":{"start":{"line":58,"column":21},"end":{"line":58,"column":22}},"loc":{"start":{"line":58,"column":27},"end":{"line":58,"column":62}},"line":58},"3":{"name":"(anonymous_3)","decl":{"start":{"line":101,"column":23},"end":{"line":101,"column":24}},"loc":{"start":{"line":101,"column":29},"end":{"line":101,"column":52}},"line":101},"4":{"name":"(anonymous_4)","decl":{"start":{"line":106,"column":23},"end":{"line":106,"column":24}},"loc":{"start":{"line":106,"column":29},"end":{"line":106,"column":51}},"line":106},"5":{"name":"(anonymous_5)","decl":{"start":{"line":113,"column":25},"end":{"line":113,"column":26}},"loc":{"start":{"line":113,"column":31},"end":{"line":113,"column":54}},"line":113}},"branchMap":{"0":{"loc":{"start":{"line":28,"column":11},"end":{"line":30,"column":16}},"type":"cond-expr","locations":[{"start":{"line":29,"column":14},"end":{"line":29,"column":58}},{"start":{"line":30,"column":14},"end":{"line":30,"column":16}}],"line":28},"1":{"loc":{"start":{"line":28,"column":11},"end":{"line":28,"column":34}},"type":"binary-expr","locations":[{"start":{"line":28,"column":11},"end":{"line":28,"column":26}},{"start":{"line":28,"column":30},"end":{"line":28,"column":34}}],"line":28},"2":{"loc":{"start":{"line":29,"column":19},"end":{"line":29,"column":56}},"type":"binary-expr","locations":[{"start":{"line":29,"column":19},"end":{"line":29,"column":28}},{"start":{"line":29,"column":32},"end":{"line":29,"column":56}}],"line":29},"3":{"loc":{"start":{"line":36,"column":7},"end":{"line":65,"column":7}},"type":"cond-expr","locations":[{"start":{"line":37,"column":8},"end":{"line":48,"column":21}},{"start":{"line":50,"column":8},"end":{"line":64,"column":21}}],"line":36}},"s":{"0":0,"1":0,"2":0,"3":0,"4":0,"5":0,"6":0,"7":0,"8":0},"f":{"0":0,"1":0,"2":0,"3":0,"4":0,"5":0},"b":{"0":[0,0],"1":[0,0],"2":[0,0],"3":[0,0]}}
,"/Users/mijanul/Projects/personal-project/dev-showcase/app/auth/_layout.tsx": {"path":"/Users/mijanul/Projects/personal-project/dev-showcase/app/auth/_layout.tsx","statementMap":{"0":{"start":{"line":5,"column":21},"end":{"line":5,"column":31}},"1":{"start":{"line":7,"column":2},"end":{"line":30,"column":4}}},"fnMap":{"0":{"name":"AuthLayout","decl":{"start":{"line":4,"column":24},"end":{"line":4,"column":34}},"loc":{"start":{"line":4,"column":37},"end":{"line":31,"column":1}},"line":4}},"branchMap":{},"s":{"0":0,"1":0},"f":{"0":0},"b":{}}
,"/Users/mijanul/Projects/personal-project/dev-showcase/app/auth/login.tsx": {"path":"/Users/mijanul/Projects/personal-project/dev-showcase/app/auth/login.tsx","statementMap":{"0":{"start":{"line":11,"column":17},"end":{"line":11,"column":28}},"1":{"start":{"line":12,"column":41},"end":{"line":12,"column":51}},"2":{"start":{"line":13,"column":65},"end":{"line":13,"column":74}},"3":{"start":{"line":14,"column":44},"end":{"line":14,"column":64}},"4":{"start":{"line":16,"column":2},"end":{"line":32,"column":36}},"5":{"start":{"line":17,"column":4},"end":{"line":31,"column":5}},"6":{"start":{"line":18,"column":23},"end":{"line":28,"column":14}},"7":{"start":{"line":19,"column":26},"end":{"line":19,"column":53}},"8":{"start":{"line":20,"column":8},"end":{"line":27,"column":9}},"9":{"start":{"line":21,"column":10},"end":{"line":21,"column":31}},"10":{"start":{"line":22,"column":10},"end":{"line":22,"column":34}},"11":{"start":{"line":24,"column":26},"end":{"line":24,"column":55}},"12":{"start":{"line":25,"column":26},"end":{"line":25,"column":64}},"13":{"start":{"line":26,"column":10},"end":{"line":26,"column":80}},"14":{"start":{"line":30,"column":6},"end":{"line":30,"column":43}},"15":{"start":{"line":30,"column":19},"end":{"line":30,"column":42}},"16":{"start":{"line":34,"column":22},"end":{"line":53,"column":3}},"17":{"start":{"line":35,"column":4},"end":{"line":52,"column":5}},"18":{"start":{"line":36,"column":6},"end":{"line":36,"column":62}},"19":{"start":{"line":38,"column":6},"end":{"line":43,"column":9}},"20":{"start":{"line":41,"column":25},"end":{"line":41,"column":50}},"21":{"start":{"line":45,"column":6},"end":{"line":51,"column":8}},"22":{"start":{"line":55,"column":28},"end":{"line":57,"column":3}},"23":{"start":{"line":56,"column":4},"end":{"line":56,"column":28}},"24":{"start":{"line":59,"column":2},"end":{"line":101,"column":4}},"25":{"start":{"line":104,"column":15},"end":{"line":143,"column":2}}},"fnMap":{"0":{"name":"LoginScreen","decl":{"start":{"line":10,"column":24},"end":{"line":10,"column":35}},"loc":{"start":{"line":10,"column":38},"end":{"line":102,"column":1}},"line":10},"1":{"name":"(anonymous_1)","decl":{"start":{"line":16,"column":12},"end":{"line":16,"column":13}},"loc":{"start":{"line":16,"column":18},"end":{"line":32,"column":3}},"line":16},"2":{"name":"(anonymous_2)","decl":{"start":{"line":18,"column":35},"end":{"line":18,"column":36}},"loc":{"start":{"line":18,"column":41},"end":{"line":28,"column":7}},"line":18},"3":{"name":"(anonymous_3)","decl":{"start":{"line":30,"column":13},"end":{"line":30,"column":14}},"loc":{"start":{"line":30,"column":19},"end":{"line":30,"column":42}},"line":30},"4":{"name":"(anonymous_4)","decl":{"start":{"line":34,"column":22},"end":{"line":34,"column":23}},"loc":{"start":{"line":34,"column":53},"end":{"line":53,"column":3}},"line":34},"5":{"name":"(anonymous_5)","decl":{"start":{"line":41,"column":19},"end":{"line":41,"column":20}},"loc":{"start":{"line":41,"column":25},"end":{"line":41,"column":50}},"line":41},"6":{"name":"(anonymous_6)","decl":{"start":{"line":55,"column":28},"end":{"line":55,"column":29}},"loc":{"start":{"line":55,"column":34},"end":{"line":57,"column":3}},"line":55}},"branchMap":{"0":{"loc":{"start":{"line":17,"column":4},"end":{"line":31,"column":5}},"type":"if","locations":[{"start":{"line":17,"column":4},"end":{"line":31,"column":5}},{"start":{},"end":{}}],"line":17},"1":{"loc":{"start":{"line":17,"column":8},"end":{"line":17,"column":37}},"type":"binary-expr","locations":[{"start":{"line":17,"column":8},"end":{"line":17,"column":19}},{"start":{"line":17,"column":23},"end":{"line":17,"column":37}}],"line":17},"2":{"loc":{"start":{"line":20,"column":8},"end":{"line":27,"column":9}},"type":"if","locations":[{"start":{"line":20,"column":8},"end":{"line":27,"column":9}},{"start":{"line":23,"column":15},"end":{"line":27,"column":9}}],"line":20},"3":{"loc":{"start":{"line":47,"column":8},"end":{"line":49,"column":44}},"type":"cond-expr","locations":[{"start":{"line":48,"column":12},"end":{"line":48,"column":25}},{"start":{"line":49,"column":12},"end":{"line":49,"column":44}}],"line":47},"4":{"loc":{"start":{"line":63,"column":16},"end":{"line":63,"column":67}},"type":"cond-expr","locations":[{"start":{"line":63,"column":35},"end":{"line":63,"column":50}},{"start":{"line":63,"column":53},"end":{"line":63,"column":67}}],"line":63},"5":{"loc":{"start":{"line":72,"column":9},"end":{"line":83,"column":9}},"type":"binary-expr","locations":[{"start":{"line":72,"column":9},"end":{"line":72,"column":20}},{"start":{"line":72,"column":24},"end":{"line":72,"column":37}},{"start":{"line":73,"column":10},"end":{"line":82,"column":17}}],"line":72},"6":{"loc":{"start":{"line":85,"column":9},"end":{"line":96,"column":9}},"type":"binary-expr","locations":[{"start":{"line":85,"column":9},"end":{"line":85,"column":21}},{"start":{"line":85,"column":25},"end":{"line":85,"column":43}},{"start":{"line":86,"column":10},"end":{"line":95,"column":17}}],"line":85}},"s":{"0":0,"1":0,"2":0,"3":0,"4":0,"5":0,"6":0,"7":0,"8":0,"9":0,"10":0,"11":0,"12":0,"13":0,"14":0,"15":0,"16":0,"17":0,"18":0,"19":0,"20":0,"21":0,"22":0,"23":0,"24":0,"25":0},"f":{"0":0,"1":0,"2":0,"3":0,"4":0,"5":0,"6":0},"b":{"0":[0,0],"1":[0,0],"2":[0,0],"3":[0,0],"4":[0,0],"5":[0,0,0],"6":[0,0,0]}}
,"/Users/mijanul/Projects/personal-project/dev-showcase/app/auth/signup.tsx": {"path":"/Users/mijanul/Projects/personal-project/dev-showcase/app/auth/signup.tsx","statementMap":{"0":{"start":{"line":13,"column":17},"end":{"line":13,"column":28}},"1":{"start":{"line":14,"column":41},"end":{"line":14,"column":51}},"2":{"start":{"line":15,"column":67},"end":{"line":15,"column":76}},"3":{"start":{"line":17,"column":23},"end":{"line":50,"column":3}},"4":{"start":{"line":18,"column":4},"end":{"line":49,"column":5}},"5":{"start":{"line":19,"column":24},"end":{"line":21,"column":19}},"6":{"start":{"line":23,"column":6},"end":{"line":29,"column":8}},"7":{"start":{"line":31,"column":6},"end":{"line":40,"column":8}},"8":{"start":{"line":37,"column":27},"end":{"line":37,"column":52}},"9":{"start":{"line":42,"column":6},"end":{"line":48,"column":8}},"10":{"start":{"line":52,"column":27},"end":{"line":54,"column":3}},"11":{"start":{"line":53,"column":4},"end":{"line":53,"column":18}},"12":{"start":{"line":56,"column":2},"end":{"line":77,"column":4}},"13":{"start":{"line":80,"column":15},"end":{"line":95,"column":2}}},"fnMap":{"0":{"name":"SignupScreen","decl":{"start":{"line":12,"column":24},"end":{"line":12,"column":36}},"loc":{"start":{"line":12,"column":39},"end":{"line":78,"column":1}},"line":12},"1":{"name":"(anonymous_1)","decl":{"start":{"line":17,"column":23},"end":{"line":17,"column":24}},"loc":{"start":{"line":17,"column":61},"end":{"line":50,"column":3}},"line":17},"2":{"name":"(anonymous_2)","decl":{"start":{"line":37,"column":21},"end":{"line":37,"column":22}},"loc":{"start":{"line":37,"column":27},"end":{"line":37,"column":52}},"line":37},"3":{"name":"(anonymous_3)","decl":{"start":{"line":52,"column":27},"end":{"line":52,"column":28}},"loc":{"start":{"line":52,"column":33},"end":{"line":54,"column":3}},"line":52}},"branchMap":{"0":{"loc":{"start":{"line":19,"column":24},"end":{"line":21,"column":19}},"type":"cond-expr","locations":[{"start":{"line":20,"column":10},"end":{"line":20,"column":50}},{"start":{"line":21,"column":10},"end":{"line":21,"column":19}}],"line":19},"1":{"loc":{"start":{"line":44,"column":8},"end":{"line":46,"column":45}},"type":"cond-expr","locations":[{"start":{"line":45,"column":12},"end":{"line":45,"column":25}},{"start":{"line":46,"column":12},"end":{"line":46,"column":45}}],"line":44},"2":{"loc":{"start":{"line":60,"column":16},"end":{"line":60,"column":67}},"type":"cond-expr","locations":[{"start":{"line":60,"column":35},"end":{"line":60,"column":50}},{"start":{"line":60,"column":53},"end":{"line":60,"column":67}}],"line":60},"3":{"loc":{"start":{"line":72,"column":23},"end":{"line":72,"column":55}},"type":"binary-expr","locations":[{"start":{"line":72,"column":23},"end":{"line":72,"column":42}},{"start":{"line":72,"column":46},"end":{"line":72,"column":55}}],"line":72}},"s":{"0":0,"1":0,"2":0,"3":0,"4":0,"5":0,"6":0,"7":0,"8":0,"9":0,"10":0,"11":0,"12":0,"13":0},"f":{"0":0,"1":0,"2":0,"3":0},"b":{"0":[0,0],"1":[0,0],"2":[0,0],"3":[0,0]}}
,"/Users/mijanul/Projects/personal-project/dev-showcase/components/external-link.tsx": {"path":"/Users/mijanul/Projects/personal-project/dev-showcase/components/external-link.tsx","statementMap":{"0":{"start":{"line":8,"column":2},"end":{"line":24,"column":4}},"1":{"start":{"line":14,"column":8},"end":{"line":21,"column":9}},"2":{"start":{"line":16,"column":10},"end":{"line":16,"column":33}},"3":{"start":{"line":18,"column":10},"end":{"line":20,"column":13}}},"fnMap":{"0":{"name":"ExternalLink","decl":{"start":{"line":7,"column":16},"end":{"line":7,"column":28}},"loc":{"start":{"line":7,"column":55},"end":{"line":25,"column":1}},"line":7},"1":{"name":"(anonymous_1)","decl":{"start":{"line":13,"column":15},"end":{"line":13,"column":16}},"loc":{"start":{"line":13,"column":32},"end":{"line":22,"column":7}},"line":13}},"branchMap":{"0":{"loc":{"start":{"line":14,"column":8},"end":{"line":21,"column":9}},"type":"if","locations":[{"start":{"line":14,"column":8},"end":{"line":21,"column":9}},{"start":{},"end":{}}],"line":14}},"s":{"0":0,"1":0,"2":0,"3":0},"f":{"0":0,"1":0},"b":{"0":[0,0]}}
,"/Users/mijanul/Projects/personal-project/dev-showcase/components/haptic-tab.tsx": {"path":"/Users/mijanul/Projects/personal-project/dev-showcase/components/haptic-tab.tsx","statementMap":{"0":{"start":{"line":6,"column":2},"end":{"line":17,"column":4}},"1":{"start":{"line":10,"column":8},"end":{"line":13,"column":9}},"2":{"start":{"line":12,"column":10},"end":{"line":12,"column":65}},"3":{"start":{"line":14,"column":8},"end":{"line":14,"column":30}}},"fnMap":{"0":{"name":"HapticTab","decl":{"start":{"line":5,"column":16},"end":{"line":5,"column":25}},"loc":{"start":{"line":5,"column":58},"end":{"line":18,"column":1}},"line":5},"1":{"name":"(anonymous_1)","decl":{"start":{"line":9,"column":17},"end":{"line":9,"column":18}},"loc":{"start":{"line":9,"column":25},"end":{"line":15,"column":7}},"line":9}},"branchMap":{"0":{"loc":{"start":{"line":10,"column":8},"end":{"line":13,"column":9}},"type":"if","locations":[{"start":{"line":10,"column":8},"end":{"line":13,"column":9}},{"start":{},"end":{}}],"line":10}},"s":{"0":0,"1":0,"2":0,"3":0},"f":{"0":0,"1":0},"b":{"0":[0,0]}}
,"/Users/mijanul/Projects/personal-project/dev-showcase/components/hello-wave.tsx": {"path":"/Users/mijanul/Projects/personal-project/dev-showcase/components/hello-wave.tsx","statementMap":{"0":{"start":{"line":4,"column":2},"end":{"line":18,"column":4}}},"fnMap":{"0":{"name":"HelloWave","decl":{"start":{"line":3,"column":16},"end":{"line":3,"column":25}},"loc":{"start":{"line":3,"column":28},"end":{"line":19,"column":1}},"line":3}},"branchMap":{},"s":{"0":0},"f":{"0":0},"b":{}}
,"/Users/mijanul/Projects/personal-project/dev-showcase/components/index.ts": {"path":"/Users/mijanul/Projects/personal-project/dev-showcase/components/index.ts","statementMap":{},"fnMap":{},"branchMap":{},"s":{},"f":{},"b":{}}
,"/Users/mijanul/Projects/personal-project/dev-showcase/components/parallax-scroll-view.tsx": {"path":"/Users/mijanul/Projects/personal-project/dev-showcase/components/parallax-scroll-view.tsx","statementMap":{"0":{"start":{"line":14,"column":22},"end":{"line":14,"column":25}},"1":{"start":{"line":26,"column":26},"end":{"line":26,"column":57}},"2":{"start":{"line":27,"column":22},"end":{"line":27,"column":49}},"3":{"start":{"line":28,"column":20},"end":{"line":28,"column":57}},"4":{"start":{"line":29,"column":23},"end":{"line":29,"column":49}},"5":{"start":{"line":30,"column":30},"end":{"line":45,"column":4}},"6":{"start":{"line":31,"column":4},"end":{"line":44,"column":6}},"7":{"start":{"line":47,"column":2},"end":{"line":62,"column":4}},"8":{"start":{"line":65,"column":15},"end":{"line":79,"column":2}}},"fnMap":{"0":{"name":"ParallaxScrollView","decl":{"start":{"line":21,"column":24},"end":{"line":21,"column":42}},"loc":{"start":{"line":25,"column":10},"end":{"line":63,"column":1}},"line":25},"1":{"name":"(anonymous_1)","decl":{"start":{"line":30,"column":47},"end":{"line":30,"column":48}},"loc":{"start":{"line":30,"column":53},"end":{"line":45,"column":3}},"line":30}},"branchMap":{"0":{"loc":{"start":{"line":27,"column":22},"end":{"line":27,"column":49}},"type":"binary-expr","locations":[{"start":{"line":27,"column":22},"end":{"line":27,"column":38}},{"start":{"line":27,"column":42},"end":{"line":27,"column":49}}],"line":27}},"s":{"0":0,"1":0,"2":0,"3":0,"4":0,"5":0,"6":0,"7":0,"8":0},"f":{"0":0,"1":0},"b":{"0":[0,0]}}
,"/Users/mijanul/Projects/personal-project/dev-showcase/components/themed-text.tsx": {"path":"/Users/mijanul/Projects/personal-project/dev-showcase/components/themed-text.tsx","statementMap":{"0":{"start":{"line":18,"column":16},"end":{"line":18,"column":77}},"1":{"start":{"line":20,"column":2},"end":{"line":33,"column":4}},"2":{"start":{"line":36,"column":15},"end":{"line":60,"column":2}}},"fnMap":{"0":{"name":"ThemedText","decl":{"start":{"line":11,"column":16},"end":{"line":11,"column":26}},"loc":{"start":{"line":17,"column":20},"end":{"line":34,"column":1}},"line":17}},"branchMap":{"0":{"loc":{"start":{"line":15,"column":2},"end":{"line":15,"column":18}},"type":"default-arg","locations":[{"start":{"line":15,"column":9},"end":{"line":15,"column":18}}],"line":15},"1":{"loc":{"start":{"line":24,"column":8},"end":{"line":24,"column":55}},"type":"cond-expr","locations":[{"start":{"line":24,"column":29},"end":{"line":24,"column":43}},{"start":{"line":24,"column":46},"end":{"line":24,"column":55}}],"line":24},"2":{"loc":{"start":{"line":25,"column":8},"end":{"line":25,"column":51}},"type":"cond-expr","locations":[{"start":{"line":25,"column":27},"end":{"line":25,"column":39}},{"start":{"line":25,"column":42},"end":{"line":25,"column":51}}],"line":25},"3":{"loc":{"start":{"line":26,"column":8},"end":{"line":26,"column":71}},"type":"cond-expr","locations":[{"start":{"line":26,"column":37},"end":{"line":26,"column":59}},{"start":{"line":26,"column":62},"end":{"line":26,"column":71}}],"line":26},"4":{"loc":{"start":{"line":27,"column":8},"end":{"line":27,"column":57}},"type":"cond-expr","locations":[{"start":{"line":27,"column":30},"end":{"line":27,"column":45}},{"start":{"line":27,"column":48},"end":{"line":27,"column":57}}],"line":27},"5":{"loc":{"start":{"line":28,"column":8},"end":{"line":28,"column":49}},"type":"cond-expr","locations":[{"start":{"line":28,"column":26},"end":{"line":28,"column":37}},{"start":{"line":28,"column":40},"end":{"line":28,"column":49}}],"line":28}},"s":{"0":0,"1":0,"2":0},"f":{"0":0},"b":{"0":[0],"1":[0,0],"2":[0,0],"3":[0,0],"4":[0,0],"5":[0,0]}}
,"/Users/mijanul/Projects/personal-project/dev-showcase/components/themed-view.tsx": {"path":"/Users/mijanul/Projects/personal-project/dev-showcase/components/themed-view.tsx","statementMap":{"0":{"start":{"line":11,"column":26},"end":{"line":11,"column":93}},"1":{"start":{"line":13,"column":2},"end":{"line":13,"column":71}}},"fnMap":{"0":{"name":"ThemedView","decl":{"start":{"line":10,"column":16},"end":{"line":10,"column":26}},"loc":{"start":{"line":10,"column":93},"end":{"line":14,"column":1}},"line":10}},"branchMap":{},"s":{"0":0,"1":0},"f":{"0":0},"b":{}}
,"/Users/mijanul/Projects/personal-project/dev-showcase/components/atoms/button.tsx": {"path":"/Users/mijanul/Projects/personal-project/dev-showcase/components/atoms/button.tsx","statementMap":{"0":{"start":{"line":18,"column":45},"end":{"line":92,"column":1}},"1":{"start":{"line":27,"column":21},"end":{"line":27,"column":31}},"2":{"start":{"line":29,"column":29},"end":{"line":42,"column":3}},"3":{"start":{"line":30,"column":4},"end":{"line":30,"column":39}},"4":{"start":{"line":30,"column":18},"end":{"line":30,"column":39}},"5":{"start":{"line":31,"column":4},"end":{"line":41,"column":5}},"6":{"start":{"line":33,"column":8},"end":{"line":33,"column":30}},"7":{"start":{"line":35,"column":8},"end":{"line":35,"column":32}},"8":{"start":{"line":38,"column":8},"end":{"line":38,"column":29}},"9":{"start":{"line":40,"column":8},"end":{"line":40,"column":30}},"10":{"start":{"line":44,"column":23},"end":{"line":56,"column":3}},"11":{"start":{"line":45,"column":4},"end":{"line":45,"column":44}},"12":{"start":{"line":45,"column":18},"end":{"line":45,"column":44}},"13":{"start":{"line":46,"column":4},"end":{"line":55,"column":5}},"14":{"start":{"line":49,"column":8},"end":{"line":49,"column":25}},"15":{"start":{"line":52,"column":8},"end":{"line":52,"column":30}},"16":{"start":{"line":54,"column":8},"end":{"line":54,"column":25}},"17":{"start":{"line":58,"column":2},"end":{"line":91,"column":4}},"18":{"start":{"line":94,"column":15},"end":{"line":128,"column":2}}},"fnMap":{"0":{"name":"(anonymous_0)","decl":{"start":{"line":18,"column":45},"end":{"line":18,"column":46}},"loc":{"start":{"line":26,"column":6},"end":{"line":92,"column":1}},"line":26},"1":{"name":"(anonymous_1)","decl":{"start":{"line":29,"column":29},"end":{"line":29,"column":30}},"loc":{"start":{"line":29,"column":35},"end":{"line":42,"column":3}},"line":29},"2":{"name":"(anonymous_2)","decl":{"start":{"line":44,"column":23},"end":{"line":44,"column":24}},"loc":{"start":{"line":44,"column":29},"end":{"line":56,"column":3}},"line":44}},"branchMap":{"0":{"loc":{"start":{"line":19,"column":2},"end":{"line":19,"column":21}},"type":"default-arg","locations":[{"start":{"line":19,"column":12},"end":{"line":19,"column":21}}],"line":19},"1":{"loc":{"start":{"line":20,"column":2},"end":{"line":20,"column":17}},"type":"default-arg","locations":[{"start":{"line":20,"column":9},"end":{"line":20,"column":17}}],"line":20},"2":{"loc":{"start":{"line":21,"column":2},"end":{"line":21,"column":17}},"type":"default-arg","locations":[{"start":{"line":21,"column":12},"end":{"line":21,"column":17}}],"line":21},"3":{"loc":{"start":{"line":30,"column":4},"end":{"line":30,"column":39}},"type":"if","locations":[{"start":{"line":30,"column":4},"end":{"line":30,"column":39}},{"start":{},"end":{}}],"line":30},"4":{"loc":{"start":{"line":31,"column":4},"end":{"line":41,"column":5}},"type":"switch","locations":[{"start":{"line":32,"column":6},"end":{"line":33,"column":30}},{"start":{"line":34,"column":6},"end":{"line":35,"column":32}},{"start":{"line":36,"column":6},"end":{"line":36,"column":21}},{"start":{"line":37,"column":6},"end":{"line":38,"column":29}},{"start":{"line":39,"column":6},"end":{"line":40,"column":30}}],"line":31},"5":{"loc":{"start":{"line":45,"column":4},"end":{"line":45,"column":44}},"type":"if","locations":[{"start":{"line":45,"column":4},"end":{"line":45,"column":44}},{"start":{},"end":{}}],"line":45},"6":{"loc":{"start":{"line":46,"column":4},"end":{"line":55,"column":5}},"type":"switch","locations":[{"start":{"line":47,"column":6},"end":{"line":47,"column":21}},{"start":{"line":48,"column":6},"end":{"line":49,"column":25}},{"start":{"line":50,"column":6},"end":{"line":50,"column":21}},{"start":{"line":51,"column":6},"end":{"line":52,"column":30}},{"start":{"line":53,"column":6},"end":{"line":54,"column":25}}],"line":46},"7":{"loc":{"start":{"line":62,"column":8},"end":{"line":62,"column":40}},"type":"binary-expr","locations":[{"start":{"line":62,"column":8},"end":{"line":62,"column":24}},{"start":{"line":62,"column":28},"end":{"line":62,"column":40}}],"line":62},"8":{"loc":{"start":{"line":63,"column":8},"end":{"line":63,"column":42}},"type":"binary-expr","locations":[{"start":{"line":63,"column":8},"end":{"line":63,"column":25}},{"start":{"line":63,"column":29},"end":{"line":63,"column":42}}],"line":63},"9":{"loc":{"start":{"line":64,"column":8},"end":{"line":64,"column":40}},"type":"binary-expr","locations":[{"start":{"line":64,"column":8},"end":{"line":64,"column":24}},{"start":{"line":64,"column":28},"end":{"line":64,"column":40}}],"line":64},"10":{"loc":{"start":{"line":65,"column":8},"end":{"line":68,"column":9}},"type":"binary-expr","locations":[{"start":{"line":65,"column":8},"end":{"line":65,"column":29}},{"start":{"line":65,"column":33},"end":{"line":68,"column":9}}],"line":65},"11":{"loc":{"start":{"line":72,"column":16},"end":{"line":72,"column":35}},"type":"binary-expr","locations":[{"start":{"line":72,"column":16},"end":{"line":72,"column":24}},{"start":{"line":72,"column":28},"end":{"line":72,"column":35}}],"line":72},"12":{"loc":{"start":{"line":75,"column":7},"end":{"line":89,"column":7}},"type":"cond-expr","locations":[{"start":{"line":76,"column":8},"end":{"line":76,"column":52}},{"start":{"line":78,"column":8},"end":{"line":88,"column":15}}],"line":75},"13":{"loc":{"start":{"line":81,"column":12},"end":{"line":81,"column":48}},"type":"binary-expr","locations":[{"start":{"line":81,"column":12},"end":{"line":81,"column":28}},{"start":{"line":81,"column":32},"end":{"line":81,"column":48}}],"line":81},"14":{"loc":{"start":{"line":82,"column":12},"end":{"line":82,"column":50}},"type":"binary-expr","locations":[{"start":{"line":82,"column":12},"end":{"line":82,"column":29}},{"start":{"line":82,"column":33},"end":{"line":82,"column":50}}],"line":82},"15":{"loc":{"start":{"line":83,"column":12},"end":{"line":83,"column":48}},"type":"binary-expr","locations":[{"start":{"line":83,"column":12},"end":{"line":83,"column":28}},{"start":{"line":83,"column":32},"end":{"line":83,"column":48}}],"line":83}},"s":{"0":0,"1":0,"2":0,"3":0,"4":0,"5":0,"6":0,"7":0,"8":0,"9":0,"10":0,"11":0,"12":0,"13":0,"14":0,"15":0,"16":0,"17":0,"18":0},"f":{"0":0,"1":0,"2":0},"b":{"0":[0],"1":[0],"2":[0],"3":[0,0],"4":[0,0,0,0,0],"5":[0,0],"6":[0,0,0,0,0],"7":[0,0],"8":[0,0],"9":[0,0],"10":[0,0],"11":[0,0],"12":[0,0],"13":[0,0],"14":[0,0],"15":[0,0]}}
,"/Users/mijanul/Projects/personal-project/dev-showcase/components/atoms/card.tsx": {"path":"/Users/mijanul/Projects/personal-project/dev-showcase/components/atoms/card.tsx","statementMap":{"0":{"start":{"line":10,"column":41},"end":{"line":24,"column":1}},"1":{"start":{"line":11,"column":21},"end":{"line":11,"column":31}},"2":{"start":{"line":13,"column":2},"end":{"line":23,"column":4}},"3":{"start":{"line":26,"column":15},"end":{"line":37,"column":2}}},"fnMap":{"0":{"name":"(anonymous_0)","decl":{"start":{"line":10,"column":41},"end":{"line":10,"column":42}},"loc":{"start":{"line":10,"column":66},"end":{"line":24,"column":1}},"line":10}},"branchMap":{},"s":{"0":0,"1":0,"2":0,"3":0},"f":{"0":0},"b":{}}
,"/Users/mijanul/Projects/personal-project/dev-showcase/components/atoms/icon-button.tsx": {"path":"/Users/mijanul/Projects/personal-project/dev-showcase/components/atoms/icon-button.tsx","statementMap":{"0":{"start":{"line":13,"column":53},"end":{"line":26,"column":1}},"1":{"start":{"line":19,"column":21},"end":{"line":19,"column":31}},"2":{"start":{"line":21,"column":2},"end":{"line":25,"column":4}},"3":{"start":{"line":28,"column":15},"end":{"line":32,"column":2}}},"fnMap":{"0":{"name":"(anonymous_0)","decl":{"start":{"line":13,"column":53},"end":{"line":13,"column":54}},"loc":{"start":{"line":18,"column":6},"end":{"line":26,"column":1}},"line":18}},"branchMap":{"0":{"loc":{"start":{"line":15,"column":2},"end":{"line":15,"column":11}},"type":"default-arg","locations":[{"start":{"line":15,"column":9},"end":{"line":15,"column":11}}],"line":15},"1":{"loc":{"start":{"line":23,"column":47},"end":{"line":23,"column":67}},"type":"binary-expr","locations":[{"start":{"line":23,"column":47},"end":{"line":23,"column":52}},{"start":{"line":23,"column":56},"end":{"line":23,"column":67}}],"line":23}},"s":{"0":0,"1":0,"2":0,"3":0},"f":{"0":0},"b":{"0":[0],"1":[0,0]}}
,"/Users/mijanul/Projects/personal-project/dev-showcase/components/atoms/index.ts": {"path":"/Users/mijanul/Projects/personal-project/dev-showcase/components/atoms/index.ts","statementMap":{},"fnMap":{},"branchMap":{},"s":{},"f":{},"b":{}}
,"/Users/mijanul/Projects/personal-project/dev-showcase/components/atoms/input.tsx": {"path":"/Users/mijanul/Projects/personal-project/dev-showcase/components/atoms/input.tsx","statementMap":{"0":{"start":{"line":14,"column":21},"end":{"line":37,"column":1}},"1":{"start":{"line":16,"column":23},"end":{"line":16,"column":33}},"2":{"start":{"line":18,"column":4},"end":{"line":35,"column":6}},"3":{"start":{"line":39,"column":0},"end":{"line":39,"column":28}},"4":{"start":{"line":41,"column":15},"end":{"line":53,"column":2}}},"fnMap":{"0":{"name":"(anonymous_0)","decl":{"start":{"line":15,"column":2},"end":{"line":15,"column":3}},"loc":{"start":{"line":15,"column":39},"end":{"line":36,"column":3}},"line":15}},"branchMap":{"0":{"loc":{"start":{"line":26,"column":27},"end":{"line":26,"column":63}},"type":"cond-expr","locations":[{"start":{"line":26,"column":35},"end":{"line":26,"column":47}},{"start":{"line":26,"column":50},"end":{"line":26,"column":63}}],"line":26}},"s":{"0":0,"1":0,"2":0,"3":0,"4":0},"f":{"0":0},"b":{"0":[0,0]}}
,"/Users/mijanul/Projects/personal-project/dev-showcase/components/atoms/text.tsx": {"path":"/Users/mijanul/Projects/personal-project/dev-showcase/components/atoms/text.tsx","statementMap":{"0":{"start":{"line":14,"column":41},"end":{"line":40,"column":1}},"1":{"start":{"line":20,"column":21},"end":{"line":20,"column":31}},"2":{"start":{"line":22,"column":20},"end":{"line":22,"column":40}},"3":{"start":{"line":24,"column":2},"end":{"line":39,"column":4}},"4":{"start":{"line":42,"column":15},"end":{"line":71,"column":2}}},"fnMap":{"0":{"name":"(anonymous_0)","decl":{"start":{"line":14,"column":41},"end":{"line":14,"column":42}},"loc":{"start":{"line":19,"column":6},"end":{"line":40,"column":1}},"line":19}},"branchMap":{"0":{"loc":{"start":{"line":15,"column":2},"end":{"line":15,"column":18}},"type":"default-arg","locations":[{"start":{"line":15,"column":12},"end":{"line":15,"column":18}}],"line":15},"1":{"loc":{"start":{"line":22,"column":20},"end":{"line":22,"column":40}},"type":"binary-expr","locations":[{"start":{"line":22,"column":20},"end":{"line":22,"column":25}},{"start":{"line":22,"column":29},"end":{"line":22,"column":40}}],"line":22},"2":{"loc":{"start":{"line":28,"column":8},"end":{"line":28,"column":37}},"type":"binary-expr","locations":[{"start":{"line":28,"column":8},"end":{"line":28,"column":24}},{"start":{"line":28,"column":28},"end":{"line":28,"column":37}}],"line":28},"3":{"loc":{"start":{"line":29,"column":8},"end":{"line":29,"column":37}},"type":"binary-expr","locations":[{"start":{"line":29,"column":8},"end":{"line":29,"column":24}},{"start":{"line":29,"column":28},"end":{"line":29,"column":37}}],"line":29},"4":{"loc":{"start":{"line":30,"column":8},"end":{"line":30,"column":37}},"type":"binary-expr","locations":[{"start":{"line":30,"column":8},"end":{"line":30,"column":24}},{"start":{"line":30,"column":28},"end":{"line":30,"column":37}}],"line":30},"5":{"loc":{"start":{"line":31,"column":8},"end":{"line":31,"column":41}},"type":"binary-expr","locations":[{"start":{"line":31,"column":8},"end":{"line":31,"column":26}},{"start":{"line":31,"column":30},"end":{"line":31,"column":41}}],"line":31},"6":{"loc":{"start":{"line":32,"column":8},"end":{"line":32,"column":47}},"type":"binary-expr","locations":[{"start":{"line":32,"column":8},"end":{"line":32,"column":29}},{"start":{"line":32,"column":33},"end":{"line":32,"column":47}}],"line":32},"7":{"loc":{"start":{"line":33,"column":8},"end":{"line":33,"column":52}},"type":"binary-expr","locations":[{"start":{"line":33,"column":8},"end":{"line":33,"column":26}},{"start":{"line":33,"column":30},"end":{"line":33,"column":52}}],"line":33}},"s":{"0":0,"1":0,"2":0,"3":0,"4":0},"f":{"0":0},"b":{"0":[0],"1":[0,0],"2":[0,0],"3":[0,0],"4":[0,0],"5":[0,0],"6":[0,0],"7":[0,0]}}
,"/Users/mijanul/Projects/personal-project/dev-showcase/components/molecules/checkbox.tsx": {"path":"/Users/mijanul/Projects/personal-project/dev-showcase/components/molecules/checkbox.tsx","statementMap":{"0":{"start":{"line":19,"column":21},"end":{"line":19,"column":31}},"1":{"start":{"line":21,"column":2},"end":{"line":48,"column":4}},"2":{"start":{"line":26,"column":8},"end":{"line":45,"column":27}},"3":{"start":{"line":28,"column":25},"end":{"line":28,"column":41}},"4":{"start":{"line":51,"column":15},"end":{"line":69,"column":2}}},"fnMap":{"0":{"name":"Checkbox","decl":{"start":{"line":14,"column":16},"end":{"line":14,"column":24}},"loc":{"start":{"line":18,"column":21},"end":{"line":49,"column":1}},"line":18},"1":{"name":"(anonymous_1)","decl":{"start":{"line":25,"column":14},"end":{"line":25,"column":15}},"loc":{"start":{"line":26,"column":8},"end":{"line":45,"column":27}},"line":26},"2":{"name":"(anonymous_2)","decl":{"start":{"line":28,"column":19},"end":{"line":28,"column":20}},"loc":{"start":{"line":28,"column":25},"end":{"line":28,"column":41}},"line":28}},"branchMap":{"0":{"loc":{"start":{"line":36,"column":33},"end":{"line":36,"column":71}},"type":"cond-expr","locations":[{"start":{"line":36,"column":41},"end":{"line":36,"column":55}},{"start":{"line":36,"column":58},"end":{"line":36,"column":71}}],"line":36},"1":{"loc":{"start":{"line":40,"column":13},"end":{"line":40,"column":77}},"type":"binary-expr","locations":[{"start":{"line":40,"column":13},"end":{"line":40,"column":18}},{"start":{"line":40,"column":22},"end":{"line":40,"column":77}}],"line":40}},"s":{"0":0,"1":0,"2":0,"3":0,"4":0},"f":{"0":0,"1":0,"2":0},"b":{"0":[0,0],"1":[0,0]}}
,"/Users/mijanul/Projects/personal-project/dev-showcase/components/molecules/form-header.tsx": {"path":"/Users/mijanul/Projects/personal-project/dev-showcase/components/molecules/form-header.tsx","statementMap":{"0":{"start":{"line":11,"column":53},"end":{"line":29,"column":1}},"1":{"start":{"line":12,"column":21},"end":{"line":12,"column":31}},"2":{"start":{"line":14,"column":2},"end":{"line":28,"column":4}},"3":{"start":{"line":31,"column":15},"end":{"line":42,"column":2}}},"fnMap":{"0":{"name":"(anonymous_0)","decl":{"start":{"line":11,"column":53},"end":{"line":11,"column":54}},"loc":{"start":{"line":11,"column":78},"end":{"line":29,"column":1}},"line":11}},"branchMap":{"0":{"loc":{"start":{"line":19,"column":7},"end":{"line":26,"column":7}},"type":"binary-expr","locations":[{"start":{"line":19,"column":7},"end":{"line":19,"column":15}},{"start":{"line":20,"column":8},"end":{"line":25,"column":15}}],"line":19}},"s":{"0":0,"1":0,"2":0,"3":0},"f":{"0":0},"b":{"0":[0,0]}}
,"/Users/mijanul/Projects/personal-project/dev-showcase/components/molecules/form-input.tsx": {"path":"/Users/mijanul/Projects/personal-project/dev-showcase/components/molecules/form-input.tsx","statementMap":{"0":{"start":{"line":43,"column":21},"end":{"line":43,"column":31}},"1":{"start":{"line":45,"column":2},"end":{"line":82,"column":4}},"2":{"start":{"line":54,"column":8},"end":{"line":79,"column":15}},"3":{"start":{"line":85,"column":15},"end":{"line":96,"column":2}}},"fnMap":{"0":{"name":"FormInput","decl":{"start":{"line":33,"column":16},"end":{"line":33,"column":25}},"loc":{"start":{"line":42,"column":22},"end":{"line":83,"column":1}},"line":42},"1":{"name":"(anonymous_1)","decl":{"start":{"line":50,"column":14},"end":{"line":50,"column":15}},"loc":{"start":{"line":54,"column":8},"end":{"line":79,"column":15}},"line":54}},"branchMap":{"0":{"loc":{"start":{"line":39,"column":2},"end":{"line":39,"column":25}},"type":"default-arg","locations":[{"start":{"line":39,"column":19},"end":{"line":39,"column":25}}],"line":39},"1":{"loc":{"start":{"line":40,"column":2},"end":{"line":40,"column":26}},"type":"default-arg","locations":[{"start":{"line":40,"column":17},"end":{"line":40,"column":26}}],"line":40},"2":{"loc":{"start":{"line":55,"column":11},"end":{"line":59,"column":11}},"type":"binary-expr","locations":[{"start":{"line":55,"column":11},"end":{"line":55,"column":16}},{"start":{"line":56,"column":12},"end":{"line":58,"column":19}}],"line":55},"3":{"loc":{"start":{"line":71,"column":11},"end":{"line":78,"column":11}},"type":"binary-expr","locations":[{"start":{"line":71,"column":11},"end":{"line":71,"column":16}},{"start":{"line":72,"column":12},"end":{"line":77,"column":19}}],"line":71}},"s":{"0":0,"1":0,"2":0,"3":0},"f":{"0":0,"1":0},"b":{"0":[0],"1":[0],"2":[0,0],"3":[0,0]}}
,"/Users/mijanul/Projects/personal-project/dev-showcase/components/molecules/index.ts": {"path":"/Users/mijanul/Projects/personal-project/dev-showcase/components/molecules/index.ts","statementMap":{},"fnMap":{},"branchMap":{},"s":{},"f":{},"b":{}}
,"/Users/mijanul/Projects/personal-project/dev-showcase/components/molecules/labeled-input.tsx": {"path":"/Users/mijanul/Projects/personal-project/dev-showcase/components/molecules/labeled-input.tsx","statementMap":{"0":{"start":{"line":11,"column":57},"end":{"line":40,"column":1}},"1":{"start":{"line":17,"column":21},"end":{"line":17,"column":31}},"2":{"start":{"line":19,"column":2},"end":{"line":39,"column":4}},"3":{"start":{"line":42,"column":15},"end":{"line":66,"column":2}}},"fnMap":{"0":{"name":"(anonymous_0)","decl":{"start":{"line":11,"column":57},"end":{"line":11,"column":58}},"loc":{"start":{"line":16,"column":6},"end":{"line":40,"column":1}},"line":16}},"branchMap":{"0":{"loc":{"start":{"line":28,"column":25},"end":{"line":28,"column":61}},"type":"cond-expr","locations":[{"start":{"line":28,"column":33},"end":{"line":28,"column":45}},{"start":{"line":28,"column":48},"end":{"line":28,"column":61}}],"line":28},"1":{"loc":{"start":{"line":35,"column":7},"end":{"line":37,"column":7}},"type":"binary-expr","locations":[{"start":{"line":35,"column":7},"end":{"line":35,"column":12}},{"start":{"line":36,"column":8},"end":{"line":36,"column":80}}],"line":35}},"s":{"0":0,"1":0,"2":0,"3":0},"f":{"0":0},"b":{"0":[0,0],"1":[0,0]}}
,"/Users/mijanul/Projects/personal-project/dev-showcase/components/molecules/link-text.tsx": {"path":"/Users/mijanul/Projects/personal-project/dev-showcase/components/molecules/link-text.tsx","statementMap":{"0":{"start":{"line":12,"column":49},"end":{"line":31,"column":1}},"1":{"start":{"line":17,"column":21},"end":{"line":17,"column":31}},"2":{"start":{"line":19,"column":2},"end":{"line":30,"column":4}},"3":{"start":{"line":33,"column":15},"end":{"line":39,"column":2}}},"fnMap":{"0":{"name":"(anonymous_0)","decl":{"start":{"line":12,"column":49},"end":{"line":12,"column":50}},"loc":{"start":{"line":16,"column":6},"end":{"line":31,"column":1}},"line":16}},"branchMap":{},"s":{"0":0,"1":0,"2":0,"3":0},"f":{"0":0},"b":{}}
,"/Users/mijanul/Projects/personal-project/dev-showcase/components/molecules/password-strength-indicator.tsx": {"path":"/Users/mijanul/Projects/personal-project/dev-showcase/components/molecules/password-strength-indicator.tsx","statementMap":{"0":{"start":{"line":14,"column":4},"end":{"line":69,"column":1}},"1":{"start":{"line":15,"column":21},"end":{"line":15,"column":31}},"2":{"start":{"line":16,"column":19},"end":{"line":16,"column":53}},"3":{"start":{"line":18,"column":2},"end":{"line":18,"column":29}},"4":{"start":{"line":18,"column":17},"end":{"line":18,"column":29}},"5":{"start":{"line":20,"column":19},"end":{"line":33,"column":3}},"6":{"start":{"line":21,"column":4},"end":{"line":32,"column":5}},"7":{"start":{"line":24,"column":8},"end":{"line":24,"column":25}},"8":{"start":{"line":26,"column":8},"end":{"line":26,"column":25}},"9":{"start":{"line":28,"column":8},"end":{"line":28,"column":25}},"10":{"start":{"line":31,"column":8},"end":{"line":31,"column":25}},"11":{"start":{"line":35,"column":24},"end":{"line":35,"column":34}},"12":{"start":{"line":37,"column":2},"end":{"line":68,"column":4}},"13":{"start":{"line":41,"column":10},"end":{"line":50,"column":12}},"14":{"start":{"line":61,"column":12},"end":{"line":63,"column":19}},"15":{"start":{"line":71,"column":15},"end":{"line":99,"column":2}}},"fnMap":{"0":{"name":"(anonymous_0)","decl":{"start":{"line":14,"column":4},"end":{"line":14,"column":5}},"loc":{"start":{"line":14,"column":43},"end":{"line":69,"column":1}},"line":14},"1":{"name":"(anonymous_1)","decl":{"start":{"line":20,"column":19},"end":{"line":20,"column":20}},"loc":{"start":{"line":20,"column":25},"end":{"line":33,"column":3}},"line":20},"2":{"name":"(anonymous_2)","decl":{"start":{"line":40,"column":29},"end":{"line":40,"column":30}},"loc":{"start":{"line":41,"column":10},"end":{"line":50,"column":12}},"line":41},"3":{"name":"(anonymous_3)","decl":{"start":{"line":60,"column":33},"end":{"line":60,"column":34}},"loc":{"start":{"line":61,"column":12},"end":{"line":63,"column":19}},"line":61}},"branchMap":{"0":{"loc":{"start":{"line":14,"column":17},"end":{"line":14,"column":36}},"type":"default-arg","locations":[{"start":{"line":14,"column":32},"end":{"line":14,"column":36}}],"line":14},"1":{"loc":{"start":{"line":18,"column":2},"end":{"line":18,"column":29}},"type":"if","locations":[{"start":{"line":18,"column":2},"end":{"line":18,"column":29}},{"start":{},"end":{}}],"line":18},"2":{"loc":{"start":{"line":21,"column":4},"end":{"line":32,"column":5}},"type":"switch","locations":[{"start":{"line":22,"column":6},"end":{"line":22,"column":13}},{"start":{"line":23,"column":6},"end":{"line":24,"column":25}},{"start":{"line":25,"column":6},"end":{"line":26,"column":25}},{"start":{"line":27,"column":6},"end":{"line":28,"column":25}},{"start":{"line":29,"column":6},"end":{"line":29,"column":13}},{"start":{"line":30,"column":6},"end":{"line":31,"column":25}}],"line":21},"3":{"loc":{"start":{"line":47,"column":18},"end":{"line":47,"column":73}},"type":"cond-expr","locations":[{"start":{"line":47,"column":44},"end":{"line":47,"column":57}},{"start":{"line":47,"column":60},"end":{"line":47,"column":73}}],"line":47},"4":{"loc":{"start":{"line":58,"column":7},"end":{"line":66,"column":7}},"type":"binary-expr","locations":[{"start":{"line":58,"column":7},"end":{"line":58,"column":19}},{"start":{"line":58,"column":23},"end":{"line":58,"column":51}},{"start":{"line":59,"column":8},"end":{"line":65,"column":15}}],"line":58}},"s":{"0":0,"1":0,"2":0,"3":0,"4":0,"5":0,"6":0,"7":0,"8":0,"9":0,"10":0,"11":0,"12":0,"13":0,"14":0,"15":0},"f":{"0":0,"1":0,"2":0,"3":0},"b":{"0":[0],"1":[0,0],"2":[0,0,0,0,0,0],"3":[0,0],"4":[0,0,0]}}
,"/Users/mijanul/Projects/personal-project/dev-showcase/components/molecules/phone-input.tsx": {"path":"/Users/mijanul/Projects/personal-project/dev-showcase/components/molecules/phone-input.tsx","statementMap":{"0":{"start":{"line":25,"column":53},"end":{"line":158,"column":1}},"1":{"start":{"line":35,"column":21},"end":{"line":35,"column":31}},"2":{"start":{"line":36,"column":42},"end":{"line":36,"column":57}},"3":{"start":{"line":37,"column":40},"end":{"line":37,"column":52}},"4":{"start":{"line":39,"column":26},"end":{"line":39,"column":71}},"5":{"start":{"line":39,"column":48},"end":{"line":39,"column":70}},"6":{"start":{"line":41,"column":28},"end":{"line":47,"column":15}},"7":{"start":{"line":44,"column":10},"end":{"line":45,"column":48}},"8":{"start":{"line":49,"column":30},"end":{"line":53,"column":3}},"9":{"start":{"line":50,"column":4},"end":{"line":50,"column":30}},"10":{"start":{"line":51,"column":4},"end":{"line":51,"column":27}},"11":{"start":{"line":52,"column":4},"end":{"line":52,"column":23}},"12":{"start":{"line":55,"column":2},"end":{"line":157,"column":4}},"13":{"start":{"line":67,"column":25},"end":{"line":67,"column":46}},"14":{"start":{"line":100,"column":30},"end":{"line":100,"column":52}},"15":{"start":{"line":112,"column":31},"end":{"line":112,"column":53}},"16":{"start":{"line":138,"column":16},"end":{"line":150,"column":28}},"17":{"start":{"line":140,"column":33},"end":{"line":140,"column":66}},"18":{"start":{"line":160,"column":15},"end":{"line":253,"column":2}}},"fnMap":{"0":{"name":"(anonymous_0)","decl":{"start":{"line":25,"column":53},"end":{"line":25,"column":54}},"loc":{"start":{"line":34,"column":6},"end":{"line":158,"column":1}},"line":34},"1":{"name":"(anonymous_1)","decl":{"start":{"line":39,"column":41},"end":{"line":39,"column":42}},"loc":{"start":{"line":39,"column":48},"end":{"line":39,"column":70}},"line":39},"2":{"name":"(anonymous_2)","decl":{"start":{"line":43,"column":8},"end":{"line":43,"column":9}},"loc":{"start":{"line":44,"column":10},"end":{"line":45,"column":48}},"line":44},"3":{"name":"(anonymous_3)","decl":{"start":{"line":49,"column":30},"end":{"line":49,"column":31}},"loc":{"start":{"line":49,"column":48},"end":{"line":53,"column":3}},"line":49},"4":{"name":"(anonymous_4)","decl":{"start":{"line":67,"column":19},"end":{"line":67,"column":20}},"loc":{"start":{"line":67,"column":25},"end":{"line":67,"column":46}},"line":67},"5":{"name":"(anonymous_5)","decl":{"start":{"line":100,"column":24},"end":{"line":100,"column":25}},"loc":{"start":{"line":100,"column":30},"end":{"line":100,"column":52}},"line":100},"6":{"name":"(anonymous_6)","decl":{"start":{"line":112,"column":25},"end":{"line":112,"column":26}},"loc":{"start":{"line":112,"column":31},"end":{"line":112,"column":53}},"line":112},"7":{"name":"(anonymous_7)","decl":{"start":{"line":137,"column":37},"end":{"line":137,"column":38}},"loc":{"start":{"line":138,"column":16},"end":{"line":150,"column":28}},"line":138},"8":{"name":"(anonymous_8)","decl":{"start":{"line":140,"column":27},"end":{"line":140,"column":28}},"loc":{"start":{"line":140,"column":33},"end":{"line":140,"column":66}},"line":140}},"branchMap":{"0":{"loc":{"start":{"line":32,"column":2},"end":{"line":32,"column":37}},"type":"default-arg","locations":[{"start":{"line":32,"column":23},"end":{"line":32,"column":37}}],"line":32},"1":{"loc":{"start":{"line":33,"column":2},"end":{"line":33,"column":47}},"type":"default-arg","locations":[{"start":{"line":33,"column":22},"end":{"line":33,"column":47}}],"line":33},"2":{"loc":{"start":{"line":41,"column":28},"end":{"line":47,"column":15}},"type":"cond-expr","locations":[{"start":{"line":42,"column":6},"end":{"line":46,"column":7}},{"start":{"line":47,"column":6},"end":{"line":47,"column":15}}],"line":41},"3":{"loc":{"start":{"line":44,"column":10},"end":{"line":45,"column":48}},"type":"binary-expr","locations":[{"start":{"line":44,"column":10},"end":{"line":44,"column":72}},{"start":{"line":45,"column":10},"end":{"line":45,"column":48}}],"line":44},"4":{"loc":{"start":{"line":61,"column":25},"end":{"line":61,"column":61}},"type":"cond-expr","locations":[{"start":{"line":61,"column":33},"end":{"line":61,"column":45}},{"start":{"line":61,"column":48},"end":{"line":61,"column":61}}],"line":61},"5":{"loc":{"start":{"line":74,"column":13},"end":{"line":74,"column":46}},"type":"binary-expr","locations":[{"start":{"line":74,"column":13},"end":{"line":74,"column":38}},{"start":{"line":74,"column":42},"end":{"line":74,"column":46}}],"line":74},"6":{"loc":{"start":{"line":92,"column":7},"end":{"line":94,"column":7}},"type":"binary-expr","locations":[{"start":{"line":92,"column":7},"end":{"line":92,"column":12}},{"start":{"line":93,"column":8},"end":{"line":93,"column":80}}],"line":92}},"s":{"0":0,"1":0,"2":0,"3":0,"4":0,"5":0,"6":0,"7":0,"8":0,"9":0,"10":0,"11":0,"12":0,"13":0,"14":0,"15":0,"16":0,"17":0,"18":0},"f":{"0":0,"1":0,"2":0,"3":0,"4":0,"5":0,"6":0,"7":0,"8":0},"b":{"0":[0],"1":[0],"2":[0,0],"3":[0,0],"4":[0,0],"5":[0,0],"6":[0,0]}}
,"/Users/mijanul/Projects/personal-project/dev-showcase/components/organisms/index.ts": {"path":"/Users/mijanul/Projects/personal-project/dev-showcase/components/organisms/index.ts","statementMap":{},"fnMap":{},"branchMap":{},"s":{},"f":{},"b":{}}
,"/Users/mijanul/Projects/personal-project/dev-showcase/components/organisms/login-form.tsx": {"path":"/Users/mijanul/Projects/personal-project/dev-showcase/components/organisms/login-form.tsx","statementMap":{"0":{"start":{"line":23,"column":51},"end":{"line":112,"column":1}},"1":{"start":{"line":28,"column":36},"end":{"line":34,"column":4}},"2":{"start":{"line":36,"column":42},"end":{"line":36,"column":57}},"3":{"start":{"line":38,"column":27},"end":{"line":45,"column":3}},"4":{"start":{"line":39,"column":4},"end":{"line":39,"column":26}},"5":{"start":{"line":40,"column":4},"end":{"line":44,"column":5}},"6":{"start":{"line":41,"column":6},"end":{"line":41,"column":27}},"7":{"start":{"line":43,"column":6},"end":{"line":43,"column":29}},"8":{"start":{"line":47,"column":2},"end":{"line":111,"column":4}},"9":{"start":{"line":114,"column":15},"end":{"line":135,"column":2}}},"fnMap":{"0":{"name":"(anonymous_0)","decl":{"start":{"line":23,"column":51},"end":{"line":23,"column":52}},"loc":{"start":{"line":27,"column":6},"end":{"line":112,"column":1}},"line":27},"1":{"name":"(anonymous_1)","decl":{"start":{"line":38,"column":27},"end":{"line":38,"column":28}},"loc":{"start":{"line":38,"column":58},"end":{"line":45,"column":3}},"line":38}},"branchMap":{"0":{"loc":{"start":{"line":26,"column":2},"end":{"line":26,"column":17}},"type":"default-arg","locations":[{"start":{"line":26,"column":12},"end":{"line":26,"column":17}}],"line":26},"1":{"loc":{"start":{"line":49,"column":16},"end":{"line":49,"column":60}},"type":"cond-expr","locations":[{"start":{"line":49,"column":40},"end":{"line":49,"column":49}},{"start":{"line":49,"column":52},"end":{"line":49,"column":60}}],"line":49},"2":{"loc":{"start":{"line":95,"column":21},"end":{"line":95,"column":44}},"type":"binary-expr","locations":[{"start":{"line":95,"column":21},"end":{"line":95,"column":33}},{"start":{"line":95,"column":37},"end":{"line":95,"column":44}}],"line":95}},"s":{"0":0,"1":0,"2":0,"3":0,"4":0,"5":0,"6":0,"7":0,"8":0,"9":0},"f":{"0":0,"1":0},"b":{"0":[0],"1":[0,0],"2":[0,0]}}
,"/Users/mijanul/Projects/personal-project/dev-showcase/components/organisms/registration-form.tsx": {"path":"/Users/mijanul/Projects/personal-project/dev-showcase/components/organisms/registration-form.tsx","statementMap":{"0":{"start":{"line":43,"column":65},"end":{"line":254,"column":1}},"1":{"start":{"line":56,"column":6},"end":{"line":67,"column":4}},"2":{"start":{"line":69,"column":42},"end":{"line":69,"column":57}},"3":{"start":{"line":70,"column":40},"end":{"line":72,"column":3}},"4":{"start":{"line":73,"column":19},"end":{"line":73,"column":36}},"5":{"start":{"line":74,"column":21},"end":{"line":74,"column":28}},"6":{"start":{"line":77,"column":2},"end":{"line":92,"column":34}},"7":{"start":{"line":78,"column":4},"end":{"line":91,"column":5}},"8":{"start":{"line":79,"column":20},"end":{"line":88,"column":14}},"9":{"start":{"line":80,"column":53},"end":{"line":86,"column":9}},"10":{"start":{"line":87,"column":8},"end":{"line":87,"column":35}},"11":{"start":{"line":90,"column":6},"end":{"line":90,"column":39}},"12":{"start":{"line":90,"column":19},"end":{"line":90,"column":38}},"13":{"start":{"line":94,"column":27},"end":{"line":101,"column":3}},"14":{"start":{"line":95,"column":4},"end":{"line":95,"column":26}},"15":{"start":{"line":96,"column":4},"end":{"line":100,"column":5}},"16":{"start":{"line":97,"column":6},"end":{"line":97,"column":27}},"17":{"start":{"line":99,"column":6},"end":{"line":99,"column":29}},"18":{"start":{"line":103,"column":2},"end":{"line":253,"column":4}},"19":{"start":{"line":126,"column":18},"end":{"line":126,"column":78}},"20":{"start":{"line":145,"column":37},"end":{"line":145,"column":68}},"21":{"start":{"line":146,"column":20},"end":{"line":148,"column":21}},"22":{"start":{"line":147,"column":22},"end":{"line":147,"column":52}},"23":{"start":{"line":149,"column":20},"end":{"line":149,"column":32}},"24":{"start":{"line":170,"column":18},"end":{"line":170,"column":64}},"25":{"start":{"line":188,"column":18},"end":{"line":188,"column":78}},"26":{"start":{"line":205,"column":18},"end":{"line":205,"column":77}},"27":{"start":{"line":220,"column":42},"end":{"line":220,"column":72}},"28":{"start":{"line":223,"column":18},"end":{"line":223,"column":39}},"29":{"start":{"line":224,"column":18},"end":{"line":224,"column":48}},"30":{"start":{"line":256,"column":15},"end":{"line":278,"column":2}}},"fnMap":{"0":{"name":"(anonymous_0)","decl":{"start":{"line":43,"column":65},"end":{"line":43,"column":66}},"loc":{"start":{"line":49,"column":6},"end":{"line":254,"column":1}},"line":49},"1":{"name":"(anonymous_1)","decl":{"start":{"line":77,"column":12},"end":{"line":77,"column":13}},"loc":{"start":{"line":77,"column":18},"end":{"line":92,"column":3}},"line":77},"2":{"name":"(anonymous_2)","decl":{"start":{"line":79,"column":31},"end":{"line":79,"column":32}},"loc":{"start":{"line":79,"column":37},"end":{"line":88,"column":7}},"line":79},"3":{"name":"(anonymous_3)","decl":{"start":{"line":90,"column":13},"end":{"line":90,"column":14}},"loc":{"start":{"line":90,"column":19},"end":{"line":90,"column":38}},"line":90},"4":{"name":"(anonymous_4)","decl":{"start":{"line":94,"column":27},"end":{"line":94,"column":28}},"loc":{"start":{"line":94,"column":65},"end":{"line":101,"column":3}},"line":94},"5":{"name":"(anonymous_5)","decl":{"start":{"line":125,"column":26},"end":{"line":125,"column":27}},"loc":{"start":{"line":126,"column":18},"end":{"line":126,"column":78}},"line":126},"6":{"name":"(anonymous_6)","decl":{"start":{"line":144,"column":28},"end":{"line":144,"column":29}},"loc":{"start":{"line":144,"column":39},"end":{"line":150,"column":19}},"line":144},"7":{"name":"(anonymous_7)","decl":{"start":{"line":169,"column":26},"end":{"line":169,"column":27}},"loc":{"start":{"line":170,"column":18},"end":{"line":170,"column":64}},"line":170},"8":{"name":"(anonymous_8)","decl":{"start":{"line":187,"column":26},"end":{"line":187,"column":27}},"loc":{"start":{"line":188,"column":18},"end":{"line":188,"column":78}},"line":188},"9":{"name":"(anonymous_9)","decl":{"start":{"line":204,"column":26},"end":{"line":204,"column":27}},"loc":{"start":{"line":205,"column":18},"end":{"line":205,"column":77}},"line":205},"10":{"name":"(anonymous_10)","decl":{"start":{"line":220,"column":31},"end":{"line":220,"column":32}},"loc":{"start":{"line":220,"column":42},"end":{"line":220,"column":72}},"line":220},"11":{"name":"(anonymous_11)","decl":{"start":{"line":222,"column":37},"end":{"line":222,"column":38}},"loc":{"start":{"line":222,"column":47},"end":{"line":225,"column":17}},"line":222}},"branchMap":{"0":{"loc":{"start":{"line":46,"column":2},"end":{"line":46,"column":17}},"type":"default-arg","locations":[{"start":{"line":46,"column":12},"end":{"line":46,"column":17}}],"line":46},"1":{"loc":{"start":{"line":59,"column":13},"end":{"line":59,"column":37}},"type":"binary-expr","locations":[{"start":{"line":59,"column":13},"end":{"line":59,"column":31}},{"start":{"line":59,"column":35},"end":{"line":59,"column":37}}],"line":59},"2":{"loc":{"start":{"line":62,"column":17},"end":{"line":62,"column":45}},"type":"binary-expr","locations":[{"start":{"line":62,"column":17},"end":{"line":62,"column":39}},{"start":{"line":62,"column":43},"end":{"line":62,"column":45}}],"line":62},"3":{"loc":{"start":{"line":63,"column":16},"end":{"line":63,"column":43}},"type":"binary-expr","locations":[{"start":{"line":63,"column":16},"end":{"line":63,"column":37}},{"start":{"line":63,"column":41},"end":{"line":63,"column":43}}],"line":63},"4":{"loc":{"start":{"line":64,"column":19},"end":{"line":64,"column":49}},"type":"binary-expr","locations":[{"start":{"line":64,"column":19},"end":{"line":64,"column":43}},{"start":{"line":64,"column":47},"end":{"line":64,"column":49}}],"line":64},"5":{"loc":{"start":{"line":65,"column":19},"end":{"line":65,"column":51}},"type":"binary-expr","locations":[{"start":{"line":65,"column":19},"end":{"line":65,"column":43}},{"start":{"line":65,"column":47},"end":{"line":65,"column":51}}],"line":65},"6":{"loc":{"start":{"line":71,"column":4},"end":{"line":71,"column":36}},"type":"binary-expr","locations":[{"start":{"line":71,"column":4},"end":{"line":71,"column":28}},{"start":{"line":71,"column":32},"end":{"line":71,"column":36}}],"line":71},"7":{"loc":{"start":{"line":78,"column":4},"end":{"line":91,"column":5}},"type":"if","locations":[{"start":{"line":78,"column":4},"end":{"line":91,"column":5}},{"start":{},"end":{}}],"line":78},"8":{"loc":{"start":{"line":105,"column":16},"end":{"line":105,"column":60}},"type":"cond-expr","locations":[{"start":{"line":105,"column":40},"end":{"line":105,"column":49}},{"start":{"line":105,"column":52},"end":{"line":105,"column":60}}],"line":105},"9":{"loc":{"start":{"line":126,"column":18},"end":{"line":126,"column":78}},"type":"binary-expr","locations":[{"start":{"line":126,"column":18},"end":{"line":126,"column":38}},{"start":{"line":126,"column":42},"end":{"line":126,"column":78}}],"line":126},"10":{"loc":{"start":{"line":146,"column":20},"end":{"line":148,"column":21}},"type":"if","locations":[{"start":{"line":146,"column":20},"end":{"line":148,"column":21}},{"start":{},"end":{}}],"line":146},"11":{"loc":{"start":{"line":161,"column":51},"end":{"line":161,"column":65}},"type":"binary-expr","locations":[{"start":{"line":161,"column":51},"end":{"line":161,"column":59}},{"start":{"line":161,"column":63},"end":{"line":161,"column":65}}],"line":161},"12":{"loc":{"start":{"line":170,"column":18},"end":{"line":170,"column":64}},"type":"binary-expr","locations":[{"start":{"line":170,"column":18},"end":{"line":170,"column":36}},{"start":{"line":170,"column":40},"end":{"line":170,"column":64}}],"line":170},"13":{"loc":{"start":{"line":188,"column":18},"end":{"line":188,"column":78}},"type":"binary-expr","locations":[{"start":{"line":188,"column":18},"end":{"line":188,"column":46}},{"start":{"line":188,"column":50},"end":{"line":188,"column":78}}],"line":188},"14":{"loc":{"start":{"line":205,"column":18},"end":{"line":205,"column":77}},"type":"binary-expr","locations":[{"start":{"line":205,"column":18},"end":{"line":205,"column":46}},{"start":{"line":205,"column":50},"end":{"line":205,"column":77}}],"line":205},"15":{"loc":{"start":{"line":219,"column":23},"end":{"line":219,"column":49}},"type":"binary-expr","locations":[{"start":{"line":219,"column":23},"end":{"line":219,"column":43}},{"start":{"line":219,"column":47},"end":{"line":219,"column":49}}],"line":219},"16":{"loc":{"start":{"line":234,"column":24},"end":{"line":234,"column":59}},"type":"binary-expr","locations":[{"start":{"line":234,"column":24},"end":{"line":234,"column":32}},{"start":{"line":234,"column":36},"end":{"line":234,"column":48}},{"start":{"line":234,"column":52},"end":{"line":234,"column":59}}],"line":234},"17":{"loc":{"start":{"line":235,"column":23},"end":{"line":235,"column":46}},"type":"binary-expr","locations":[{"start":{"line":235,"column":23},"end":{"line":235,"column":35}},{"start":{"line":235,"column":39},"end":{"line":235,"column":46}}],"line":235}},"s":{"0":0,"1":0,"2":0,"3":0,"4":0,"5":0,"6":0,"7":0,"8":0,"9":0,"10":0,"11":0,"12":0,"13":0,"14":0,"15":0,"16":0,"17":0,"18":0,"19":0,"20":0,"21":0,"22":0,"23":0,"24":0,"25":0,"26":0,"27":0,"28":0,"29":0,"30":0},"f":{"0":0,"1":0,"2":0,"3":0,"4":0,"5":0,"6":0,"7":0,"8":0,"9":0,"10":0,"11":0},"b":{"0":[0],"1":[0,0],"2":[0,0],"3":[0,0],"4":[0,0],"5":[0,0],"6":[0,0],"7":[0,0],"8":[0,0],"9":[0,0],"10":[0,0],"11":[0,0],"12":[0,0],"13":[0,0],"14":[0,0],"15":[0,0],"16":[0,0,0],"17":[0,0]}}
,"/Users/mijanul/Projects/personal-project/dev-showcase/components/organisms/signup-form.tsx": {"path":"/Users/mijanul/Projects/personal-project/dev-showcase/components/organisms/signup-form.tsx","statementMap":{"0":{"start":{"line":23,"column":53},"end":{"line":142,"column":1}},"1":{"start":{"line":28,"column":43},"end":{"line":35,"column":4}},"2":{"start":{"line":37,"column":42},"end":{"line":37,"column":57}},"3":{"start":{"line":38,"column":19},"end":{"line":38,"column":36}},"4":{"start":{"line":40,"column":27},"end":{"line":47,"column":3}},"5":{"start":{"line":41,"column":4},"end":{"line":41,"column":26}},"6":{"start":{"line":42,"column":4},"end":{"line":46,"column":5}},"7":{"start":{"line":43,"column":6},"end":{"line":43,"column":27}},"8":{"start":{"line":45,"column":6},"end":{"line":45,"column":29}},"9":{"start":{"line":49,"column":2},"end":{"line":141,"column":4}},"10":{"start":{"line":117,"column":16},"end":{"line":117,"column":62}},"11":{"start":{"line":144,"column":15},"end":{"line":165,"column":2}}},"fnMap":{"0":{"name":"(anonymous_0)","decl":{"start":{"line":23,"column":53},"end":{"line":23,"column":54}},"loc":{"start":{"line":27,"column":6},"end":{"line":142,"column":1}},"line":27},"1":{"name":"(anonymous_1)","decl":{"start":{"line":40,"column":27},"end":{"line":40,"column":28}},"loc":{"start":{"line":40,"column":59},"end":{"line":47,"column":3}},"line":40},"2":{"name":"(anonymous_2)","decl":{"start":{"line":116,"column":24},"end":{"line":116,"column":25}},"loc":{"start":{"line":117,"column":16},"end":{"line":117,"column":62}},"line":117}},"branchMap":{"0":{"loc":{"start":{"line":26,"column":2},"end":{"line":26,"column":17}},"type":"default-arg","locations":[{"start":{"line":26,"column":12},"end":{"line":26,"column":17}}],"line":26},"1":{"loc":{"start":{"line":51,"column":16},"end":{"line":51,"column":60}},"type":"cond-expr","locations":[{"start":{"line":51,"column":40},"end":{"line":51,"column":49}},{"start":{"line":51,"column":52},"end":{"line":51,"column":60}}],"line":51},"2":{"loc":{"start":{"line":117,"column":16},"end":{"line":117,"column":62}},"type":"binary-expr","locations":[{"start":{"line":117,"column":16},"end":{"line":117,"column":34}},{"start":{"line":117,"column":38},"end":{"line":117,"column":62}}],"line":117},"3":{"loc":{"start":{"line":125,"column":21},"end":{"line":125,"column":44}},"type":"binary-expr","locations":[{"start":{"line":125,"column":21},"end":{"line":125,"column":33}},{"start":{"line":125,"column":37},"end":{"line":125,"column":44}}],"line":125}},"s":{"0":0,"1":0,"2":0,"3":0,"4":0,"5":0,"6":0,"7":0,"8":0,"9":0,"10":0,"11":0},"f":{"0":0,"1":0,"2":0},"b":{"0":[0],"1":[0,0],"2":[0,0],"3":[0,0]}}
,"/Users/mijanul/Projects/personal-project/dev-showcase/components/ui/collapsible.tsx": {"path":"/Users/mijanul/Projects/personal-project/dev-showcase/components/ui/collapsible.tsx","statementMap":{"0":{"start":{"line":11,"column":30},"end":{"line":11,"column":45}},"1":{"start":{"line":12,"column":16},"end":{"line":12,"column":43}},"2":{"start":{"line":14,"column":2},"end":{"line":32,"column":4}},"3":{"start":{"line":18,"column":23},"end":{"line":18,"column":51}},"4":{"start":{"line":18,"column":44},"end":{"line":18,"column":50}},"5":{"start":{"line":35,"column":15},"end":{"line":45,"column":2}}},"fnMap":{"0":{"name":"Collapsible","decl":{"start":{"line":10,"column":16},"end":{"line":10,"column":27}},"loc":{"start":{"line":10,"column":88},"end":{"line":33,"column":1}},"line":10},"1":{"name":"(anonymous_1)","decl":{"start":{"line":18,"column":17},"end":{"line":18,"column":18}},"loc":{"start":{"line":18,"column":23},"end":{"line":18,"column":51}},"line":18},"2":{"name":"(anonymous_2)","decl":{"start":{"line":18,"column":33},"end":{"line":18,"column":34}},"loc":{"start":{"line":18,"column":44},"end":{"line":18,"column":50}},"line":18}},"branchMap":{"0":{"loc":{"start":{"line":12,"column":16},"end":{"line":12,"column":43}},"type":"binary-expr","locations":[{"start":{"line":12,"column":16},"end":{"line":12,"column":32}},{"start":{"line":12,"column":36},"end":{"line":12,"column":43}}],"line":12},"1":{"loc":{"start":{"line":24,"column":17},"end":{"line":24,"column":73}},"type":"cond-expr","locations":[{"start":{"line":24,"column":37},"end":{"line":24,"column":54}},{"start":{"line":24,"column":57},"end":{"line":24,"column":73}}],"line":24},"2":{"loc":{"start":{"line":25,"column":41},"end":{"line":25,"column":66}},"type":"cond-expr","locations":[{"start":{"line":25,"column":50},"end":{"line":25,"column":57}},{"start":{"line":25,"column":60},"end":{"line":25,"column":66}}],"line":25},"3":{"loc":{"start":{"line":30,"column":7},"end":{"line":30,"column":75}},"type":"binary-expr","locations":[{"start":{"line":30,"column":7},"end":{"line":30,"column":13}},{"start":{"line":30,"column":17},"end":{"line":30,"column":75}}],"line":30}},"s":{"0":0,"1":0,"2":0,"3":0,"4":0,"5":0},"f":{"0":0,"1":0,"2":0},"b":{"0":[0,0],"1":[0,0],"2":[0,0],"3":[0,0]}}
,"/Users/mijanul/Projects/personal-project/dev-showcase/components/ui/icon-symbol.ios.tsx": {"path":"/Users/mijanul/Projects/personal-project/dev-showcase/components/ui/icon-symbol.ios.tsx","statementMap":{"0":{"start":{"line":17,"column":2},"end":{"line":31,"column":4}}},"fnMap":{"0":{"name":"IconSymbol","decl":{"start":{"line":4,"column":16},"end":{"line":4,"column":26}},"loc":{"start":{"line":16,"column":3},"end":{"line":32,"column":1}},"line":16}},"branchMap":{"0":{"loc":{"start":{"line":6,"column":2},"end":{"line":6,"column":11}},"type":"default-arg","locations":[{"start":{"line":6,"column":9},"end":{"line":6,"column":11}}],"line":6},"1":{"loc":{"start":{"line":9,"column":2},"end":{"line":9,"column":20}},"type":"default-arg","locations":[{"start":{"line":9,"column":11},"end":{"line":9,"column":20}}],"line":9}},"s":{"0":0},"f":{"0":0},"b":{"0":[0],"1":[0]}}
,"/Users/mijanul/Projects/personal-project/dev-showcase/components/ui/icon-symbol.tsx": {"path":"/Users/mijanul/Projects/personal-project/dev-showcase/components/ui/icon-symbol.tsx","statementMap":{"0":{"start":{"line":16,"column":16},"end":{"line":21,"column":16}},"1":{"start":{"line":40,"column":2},"end":{"line":40,"column":88}}},"fnMap":{"0":{"name":"IconSymbol","decl":{"start":{"line":28,"column":16},"end":{"line":28,"column":26}},"loc":{"start":{"line":39,"column":3},"end":{"line":41,"column":1}},"line":39}},"branchMap":{"0":{"loc":{"start":{"line":30,"column":2},"end":{"line":30,"column":11}},"type":"default-arg","locations":[{"start":{"line":30,"column":9},"end":{"line":30,"column":11}}],"line":30}},"s":{"0":0,"1":0},"f":{"0":0},"b":{"0":[0]}}
,"/Users/mijanul/Projects/personal-project/dev-showcase/constants/theme.ts": {"path":"/Users/mijanul/Projects/personal-project/dev-showcase/constants/theme.ts","statementMap":{"0":{"start":{"line":8,"column":23},"end":{"line":8,"column":32}},"1":{"start":{"line":9,"column":22},"end":{"line":9,"column":28}},"2":{"start":{"line":11,"column":22},"end":{"line":50,"column":1}},"3":{"start":{"line":52,"column":21},"end":{"line":76,"column":2}}},"fnMap":{},"branchMap":{},"s":{"0":0,"1":0,"2":0,"3":0},"f":{},"b":{}}
,"/Users/mijanul/Projects/personal-project/dev-showcase/context/auth-context.tsx": {"path":"/Users/mijanul/Projects/personal-project/dev-showcase/context/auth-context.tsx","statementMap":{"0":{"start":{"line":51,"column":20},"end":{"line":51,"column":73}},"1":{"start":{"line":54,"column":21},"end":{"line":65,"column":1}},"2":{"start":{"line":67,"column":28},"end":{"line":67,"column":29}},"3":{"start":{"line":68,"column":25},"end":{"line":68,"column":38}},"4":{"start":{"line":70,"column":28},"end":{"line":366,"column":1}},"5":{"start":{"line":71,"column":26},"end":{"line":71,"column":53}},"6":{"start":{"line":72,"column":36},"end":{"line":72,"column":50}},"7":{"start":{"line":73,"column":46},"end":{"line":73,"column":57}},"8":{"start":{"line":74,"column":46},"end":{"line":74,"column":75}},"9":{"start":{"line":76,"column":4},"end":{"line":76,"column":50}},"10":{"start":{"line":78,"column":2},"end":{"line":83,"column":9}},"11":{"start":{"line":79,"column":4},"end":{"line":79,"column":22}},"12":{"start":{"line":80,"column":4},"end":{"line":80,"column":25}},"13":{"start":{"line":81,"column":4},"end":{"line":81,"column":30}},"14":{"start":{"line":85,"column":29},"end":{"line":108,"column":3}},"15":{"start":{"line":86,"column":4},"end":{"line":107,"column":5}},"16":{"start":{"line":87,"column":40},"end":{"line":90,"column":8}},"17":{"start":{"line":92,"column":6},"end":{"line":94,"column":7}},"18":{"start":{"line":93,"column":8},"end":{"line":93,"column":53}},"19":{"start":{"line":96,"column":6},"end":{"line":104,"column":7}},"20":{"start":{"line":97,"column":27},"end":{"line":97,"column":51}},"21":{"start":{"line":98,"column":8},"end":{"line":103,"column":9}},"22":{"start":{"line":99,"column":10},"end":{"line":99,"column":40}},"23":{"start":{"line":102,"column":10},"end":{"line":102,"column":31}},"24":{"start":{"line":106,"column":6},"end":{"line":106,"column":61}},"25":{"start":{"line":110,"column":34},"end":{"line":121,"column":3}},"26":{"start":{"line":111,"column":4},"end":{"line":120,"column":5}},"27":{"start":{"line":112,"column":19},"end":{"line":114,"column":7}},"28":{"start":{"line":115,"column":6},"end":{"line":117,"column":7}},"29":{"start":{"line":116,"column":8},"end":{"line":116,"column":49}},"30":{"start":{"line":119,"column":6},"end":{"line":119,"column":66}},"31":{"start":{"line":123,"column":26},"end":{"line":147,"column":3}},"32":{"start":{"line":124,"column":4},"end":{"line":146,"column":5}},"33":{"start":{"line":126,"column":8},"end":{"line":132,"column":10}},"34":{"start":{"line":134,"column":6},"end":{"line":141,"column":7}},"35":{"start":{"line":135,"column":8},"end":{"line":140,"column":11}},"36":{"start":{"line":143,"column":6},"end":{"line":143,"column":58}},"37":{"start":{"line":145,"column":6},"end":{"line":145,"column":26}},"38":{"start":{"line":149,"column":23},"end":{"line":160,"column":3}},"39":{"start":{"line":150,"column":4},"end":{"line":159,"column":5}},"40":{"start":{"line":151,"column":6},"end":{"line":154,"column":9}},"41":{"start":{"line":155,"column":6},"end":{"line":155,"column":27}},"42":{"start":{"line":156,"column":6},"end":{"line":156,"column":30}},"43":{"start":{"line":158,"column":6},"end":{"line":158,"column":55}},"44":{"start":{"line":162,"column":16},"end":{"line":256,"column":3}},"45":{"start":{"line":168,"column":4},"end":{"line":173,"column":5}},"46":{"start":{"line":169,"column":31},"end":{"line":169,"column":79}},"47":{"start":{"line":170,"column":6},"end":{"line":172,"column":8}},"48":{"start":{"line":175,"column":4},"end":{"line":255,"column":5}},"49":{"start":{"line":177,"column":6},"end":{"line":177,"column":64}},"50":{"start":{"line":177,"column":37},"end":{"line":177,"column":62}},"51":{"start":{"line":181,"column":8},"end":{"line":187,"column":10}},"52":{"start":{"line":190,"column":6},"end":{"line":192,"column":7}},"53":{"start":{"line":191,"column":8},"end":{"line":191,"column":47}},"54":{"start":{"line":194,"column":26},"end":{"line":194,"column":52}},"55":{"start":{"line":195,"column":6},"end":{"line":197,"column":7}},"56":{"start":{"line":196,"column":8},"end":{"line":196,"column":47}},"57":{"start":{"line":200,"column":6},"end":{"line":200,"column":27}},"58":{"start":{"line":203,"column":20},"end":{"line":203,"column":71}},"59":{"start":{"line":206,"column":6},"end":{"line":212,"column":9}},"60":{"start":{"line":214,"column":6},"end":{"line":219,"column":9}},"61":{"start":{"line":222,"column":33},"end":{"line":224,"column":7}},"62":{"start":{"line":225,"column":30},"end":{"line":227,"column":11}},"63":{"start":{"line":228,"column":26},"end":{"line":228,"column":45}},"64":{"start":{"line":231,"column":6},"end":{"line":231,"column":37}},"65":{"start":{"line":232,"column":6},"end":{"line":235,"column":8}},"66":{"start":{"line":238,"column":6},"end":{"line":249,"column":7}},"67":{"start":{"line":239,"column":27},"end":{"line":239,"column":56}},"68":{"start":{"line":240,"column":8},"end":{"line":240,"column":38}},"69":{"start":{"line":241,"column":8},"end":{"line":244,"column":10}},"70":{"start":{"line":246,"column":8},"end":{"line":248,"column":10}},"71":{"start":{"line":251,"column":32},"end":{"line":251,"column":65}},"72":{"start":{"line":252,"column":6},"end":{"line":254,"column":8}},"73":{"start":{"line":258,"column":17},"end":{"line":300,"column":3}},"74":{"start":{"line":265,"column":4},"end":{"line":299,"column":5}},"75":{"start":{"line":267,"column":6},"end":{"line":267,"column":64}},"76":{"start":{"line":267,"column":37},"end":{"line":267,"column":62}},"77":{"start":{"line":270,"column":20},"end":{"line":270,"column":71}},"78":{"start":{"line":273,"column":23},"end":{"line":283,"column":7}},"79":{"start":{"line":285,"column":6},"end":{"line":289,"column":7}},"80":{"start":{"line":286,"column":8},"end":{"line":288,"column":10}},"81":{"start":{"line":291,"column":6},"end":{"line":291,"column":34}},"82":{"start":{"line":294,"column":6},"end":{"line":294,"column":39}},"83":{"start":{"line":296,"column":6},"end":{"line":296,"column":59}},"84":{"start":{"line":298,"column":6},"end":{"line":298,"column":58}},"85":{"start":{"line":302,"column":17},"end":{"line":320,"column":3}},"86":{"start":{"line":303,"column":4},"end":{"line":319,"column":5}},"87":{"start":{"line":305,"column":6},"end":{"line":313,"column":9}},"88":{"start":{"line":315,"column":6},"end":{"line":315,"column":20}},"89":{"s
[...]
,"/Users/mijanul/Projects/personal-project/dev-showcase/hooks/use-color-scheme.ts": {"path":"/Users/mijanul/Projects/personal-project/dev-showcase/hooks/use-color-scheme.ts","statementMap":{},"fnMap":{},"branchMap":{},"s":{},"f":{},"b":{}}
,"/Users/mijanul/Projects/personal-project/dev-showcase/hooks/use-color-scheme.web.ts": {"path":"/Users/mijanul/Projects/personal-project/dev-showcase/hooks/use-color-scheme.web.ts","statementMap":{"0":{"start":{"line":8,"column":40},"end":{"line":8,"column":55}},"1":{"start":{"line":10,"column":2},"end":{"line":12,"column":9}},"2":{"start":{"line":11,"column":4},"end":{"line":11,"column":25}},"3":{"start":{"line":14,"column":22},"end":{"line":14,"column":40}},"4":{"start":{"line":16,"column":2},"end":{"line":18,"column":3}},"5":{"start":{"line":17,"column":4},"end":{"line":17,"column":23}},"6":{"start":{"line":20,"column":2},"end":{"line":20,"column":17}}},"fnMap":{"0":{"name":"useColorScheme","decl":{"start":{"line":7,"column":16},"end":{"line":7,"column":30}},"loc":{"start":{"line":7,"column":33},"end":{"line":21,"column":1}},"line":7},"1":{"name":"(anonymous_1)","decl":{"start":{"line":10,"column":12},"end":{"line":10,"column":13}},"loc":{"start":{"line":10,"column":18},"end":{"line":12,"column":3}},"line":10}},"branchMap":{"0":{"loc":{"start":{"line":16,"column":2},"end":{"line":18,"column":3}},"type":"if","locations":[{"start":{"line":16,"column":2},"end":{"line":18,"column":3}},{"start":{},"end":{}}],"line":16}},"s":{"0":0,"1":0,"2":0,"3":0,"4":0,"5":0,"6":0},"f":{"0":0,"1":0},"b":{"0":[0,0]}}
,"/Users/mijanul/Projects/personal-project/dev-showcase/hooks/use-theme-color.ts": {"path":"/Users/mijanul/Projects/personal-project/dev-showcase/hooks/use-theme-color.ts","statementMap":{"0":{"start":{"line":13,"column":16},"end":{"line":13,"column":43}},"1":{"start":{"line":14,"column":25},"end":{"line":14,"column":37}},"2":{"start":{"line":16,"column":2},"end":{"line":20,"column":3}},"3":{"start":{"line":17,"column":4},"end":{"line":17,"column":26}},"4":{"start":{"line":19,"column":4},"end":{"line":19,"column":36}}},"fnMap":{"0":{"name":"useThemeColor","decl":{"start":{"line":9,"column":16},"end":{"line":9,"column":29}},"loc":{"start":{"line":12,"column":2},"end":{"line":21,"column":1}},"line":12}},"branchMap":{"0":{"loc":{"start":{"line":13,"column":16},"end":{"line":13,"column":43}},"type":"binary-expr","locations":[{"start":{"line":13,"column":16},"end":{"line":13,"column":32}},{"start":{"line":13,"column":36},"end":{"line":13,"column":43}}],"line":13},"1":{"loc":{"start":{"line":16,"column":2},"end":{"line":20,"column":3}},"type":"if","locations":[{"start":{"line":16,"column":2},"end":{"line":20,"column":3}},{"start":{"line":18,"column":9},"end":{"line":20,"column":3}}],"line":16}},"s":{"0":0,"1":0,"2":0,"3":0,"4":0},"f":{"0":0},"b":{"0":[0,0],"1":[0,0]}}
,"/Users/mijanul/Projects/personal-project/dev-showcase/utils/secure-storage.ts": {"path":"/Users/mijanul/Projects/personal-project/dev-showcase/utils/secure-storage.ts","statementMap":{"0":{"start":{"line":16,"column":18},"end":{"line":16,"column":39}},"1":{"start":{"line":18,"column":26},"end":{"line":18,"column":46}},"2":{"start":{"line":21,"column":4},"end":{"line":36,"column":5}},"3":{"start":{"line":22,"column":6},"end":{"line":30,"column":7}},"4":{"start":{"line":24,"column":8},"end":{"line":24,"column":55}},"5":{"start":{"line":24,"column":43},"end":{"line":24,"column":55}},"6":{"start":{"line":26,"column":26},"end":{"line":26,"column":67}},"7":{"start":{"line":27,"column":8},"end":{"line":27,"column":36}},"8":{"start":{"line":27,"column":24},"end":{"line":27,"column":36}},"9":{"start":{"line":29,"column":8},"end":{"line":29,"column":39}},"10":{"start":{"line":32,"column":6},"end":{"line":32,"column":49}},"11":{"start":{"line":34,"column":6},"end":{"line":34,"column":57}},"12":{"start":{"line":35,"column":6},"end":{"line":35,"column":18}},"13":{"start":{"line":40,"column":4},"end":{"line":56,"column":5}},"14":{"start":{"line":41,"column":6},"end":{"line":50,"column":7}},"15":{"start":{"line":42,"column":8},"end":{"line":44,"column":9}},"16":{"start":{"line":43,"column":10},"end":{"line":43,"column":56}},"17":{"start":{"line":47,"column":26},"end":{"line":47,"column":45}},"18":{"start":{"line":48,"column":8},"end":{"line":48,"column":61}},"19":{"start":{"line":49,"column":8},"end":{"line":49,"column":15}},"20":{"start":{"line":52,"column":6},"end":{"line":52,"column":49}},"21":{"start":{"line":54,"column":6},"end":{"line":54,"column":57}},"22":{"start":{"line":55,"column":6},"end":{"line":55,"column":18}},"23":{"start":{"line":60,"column":4},"end":{"line":71,"column":5}},"24":{"start":{"line":61,"column":6},"end":{"line":65,"column":7}},"25":{"start":{"line":62,"column":8},"end":{"line":62,"column":50}},"26":{"start":{"line":62,"column":43},"end":{"line":62,"column":50}},"27":{"start":{"line":63,"column":8},"end":{"line":63,"column":53}},"28":{"start":{"line":64,"column":8},"end":{"line":64,"column":15}},"29":{"start":{"line":67,"column":6},"end":{"line":67,"column":45}},"30":{"start":{"line":69,"column":6},"end":{"line":69,"column":58}},"31":{"start":{"line":70,"column":6},"end":{"line":70,"column":18}},"32":{"start":{"line":79,"column":4},"end":{"line":79,"column":27}},"33":{"start":{"line":102,"column":4},"end":{"line":104,"column":5}},"34":{"start":{"line":103,"column":6},"end":{"line":103,"column":18}},"35":{"start":{"line":106,"column":4},"end":{"line":113,"column":5}},"36":{"start":{"line":108,"column":20},"end":{"line":108,"column":42}},"37":{"start":{"line":110,"column":6},"end":{"line":110,"column":62}},"38":{"start":{"line":112,"column":6},"end":{"line":112,"column":18}},"39":{"start":{"line":120,"column":4},"end":{"line":122,"column":5}},"40":{"start":{"line":121,"column":6},"end":{"line":121,"column":23}},"41":{"start":{"line":124,"column":4},"end":{"line":131,"column":5}},"42":{"start":{"line":126,"column":22},"end":{"line":126,"column":72}},"43":{"start":{"line":128,"column":6},"end":{"line":128,"column":39}},"44":{"start":{"line":130,"column":6},"end":{"line":130,"column":23}},"45":{"start":{"line":138,"column":17},"end":{"line":138,"column":19}},"46":{"start":{"line":139,"column":4},"end":{"line":143,"column":5}},"47":{"start":{"line":139,"column":17},"end":{"line":139,"column":18}},"48":{"start":{"line":140,"column":23},"end":{"line":140,"column":41}},"49":{"start":{"line":141,"column":27},"end":{"line":141,"column":69}},"50":{"start":{"line":142,"column":6},"end":{"line":142,"column":61}},"51":{"start":{"line":144,"column":4},"end":{"line":144,"column":18}},"52":{"start":{"line":148,"column":29},"end":{"line":148,"column":48}}},"fnMap":{"0":{"name":"(anonymous_0)","decl":{"start":{"line":20,"column":2},"end":{"line":20,"column":3}},"loc":{"start":{"line":20,"column":58},"end":{"line":37,"column":3}},"line":20},"1":{"name":"(anonymous_1)","decl":{"start":{"line":39,"column":2},"end":{"line":39,"column":3}},"loc":{"start":{"line":39,"column":64},"end":{"line":57,"column":3}},"line":39},"2":{"name":"(anonymous_2)","decl":{"start":{"line":59,"column":2},"end":{"line":59,"column":3}},"loc":{"start":{"line":59,"column":52},"end":{"line":72,"column":3}},"line":59},"3":{"name":"(anonymous_3)","decl":{"start":{"line":78,"column":2},"end":{"line":78,"column":3}},"loc":{"start":{"line":78,"column":41},"end":{"line":80,"column":3}},"line":78},"4":{"name":"(anonymous_4)","decl":{"start":{"line":101,"column":2},"end":{"line":101,"column":3}},"loc":{"start":{"line":101,"column":40},"end":{"line":114,"column":3}},"line":101},"5":{"name":"(anonymous_5)","decl":{"start":{"line":119,"column":2},"end":{"line":119,"column":3}},"loc":{"start":{"line":119,"column":45},"end":{"line":132,"column":3}},"line":119},"6":{"name":"(anonymous_6)","decl":{"start":{"line":137,"column":2},"end":{"line":137,"column":3}},"loc":{"start":{"line":137,"column":44},"end":{"line":145,"column":3}},"line":137}},"branchMap":{"0":{"loc":{"start":{"line":22,"column":6},"end":{"line":30,"column":7}},"type":"if","locations":[{"start":{"line":22,"column":6},"end":{"line":30,"column":7}},{"start":{},"end":{}}],"line":22},"1":{"loc":{"start":{"line":24,"column":8},"end":{"line":24,"column":55}},"type":"if","locations":[{"start":{"line":24,"column":8},"end":{"line":24,"column":55}},{"start":{},"end":{}}],"line":24},"2":{"loc":{"start":{"line":27,"column":8},"end":{"line":27,"column":36}},"type":"if","locations":[{"start":{"line":27,"column":8},"end":{"line":27,"column":36}},{"start":{},"end":{}}],"line":27},"3":{"loc":{"start":{"line":41,"column":6},"end":{"line":50,"column":7}},"type":"if","locations":[{"start":{"line":41,"column":6},"end":{"line":50,"column":7}},{"start":{},"end":{}}],"line":41},"4":{"loc":{"start":{"line":42,"column":8},"end":{"line":44,"column":9}},"type":"if","locations":[{"start":{"line":42,"column":8},"end":{"line":44,"column":9}},{"start":{},"end":{}}],"line":42},"5":{"loc":{"start":{"line":61,"column":6},"end":{"line":65,"column":7}},"type":"if","locations":[{"start":{"line":61,"column":6},"end":{"line":65,"column":7}},{"start":{},"end":{}}],"line":61},"6":{"loc":{"start":{"line":62,"column":8},"end":{"line":62,"column":50}},"type":"if","locations":[{"start":{"line":62,"column":8},"end":{"line":62,"column":50}},{"start":{},"end":{}}],"line":62},"7":{"loc":{"start":{"line":102,"column":4},"end":{"line":104,"column":5}},"type":"if","locations":[{"start":{"line":102,"column":4},"end":{"line":104,"column":5}},{"start":{},"end":{}}],"line":102},"8":{"loc":{"start":{"line":102,"column":8},"end":{"line":102,"column":53}},"type":"binary-expr","locations":[{"start":{"line":102,"column":8},"end":{"line":102,"column":37}},{"start":{"line":102,"column":41},"end":{"line":102,"column":53}}],"line":102},"9":{"loc":{"start":{"line":120,"column":4},"end":{"line":122,"column":5}},"type":"if","locations":[{"start":{"line":120,"column":4},"end":{"line":122,"column":5}},{"start":{},"end":{}}],"line":120},"10":{"loc":{"start":{"line":120,"column":8},"end":{"line":120,"column":53}},"type":"binary-expr","locations":[{"start":{"line":120,"column":8},"end":{"line":120,"column":37}},{"start":{"line":120,"column":41},"end":{"line":120,"column":53}}],"line":120}},"s":{"0":0,"1":0,"2":0,"3":0,"4":0,"5":0,"6":0,"7":0,"8":0,"9":0,"10":0,"11":0,"12":0,"13":0,"14":0,"15":0,"16":0,"17":0,"18":0,"19":0,"20":0,"21":0,"22":0,"23":0,"24":0,"25":0,"26":0,"27":0,"28":0,"29":0,"30":0,"31":0,"32":0,"33":0,"34":0,"35":0,"36":0,"37":0,"38":0,"39":0,"40":0,"41":0,"42":0,"43":0,"44":0,"45":0,"46":0,"47":0,"48":0,"49":0,"50":0,"51":0,"52":0},"f":{"0":0,"1":0,"2":0,"3":0,"4":0,"5":0,"6":0},"b":{"0":[0,0],"1":[0,0],"2":[0,0],"3":[0,0],"4":[0,0],"5":[0,0],"6":[0,0],"7":[0,0],"8":[0,0],"9":[0,0],"10":[0,0]}}
,"/Users/mijanul/Projects/personal-project/dev-showcase/utils/validation.ts": {"path":"/Users/mijanul/Projects/personal-project/dev-showcase/utils/validation.ts","statementMap":{"0":{"start":{"line":7,"column":40},"end":{"line":81,"column":1}},"1":{"start":{"line":10,"column":14},"end":{"line":10,"column":15}},"2":{"start":{"line":11,"column":29},"end":{"line":11,"column":31}},"3":{"start":{"line":13,"column":2},"end":{"line":19,"column":3}},"4":{"start":{"line":14,"column":4},"end":{"line":18,"column":6}},"5":{"start":{"line":22,"column":2},"end":{"line":26,"column":3}},"6":{"start":{"line":23,"column":4},"end":{"line":23,"column":12}},"7":{"start":{"line":25,"column":4},"end":{"line":25,"column":52}},"8":{"start":{"line":28,"column":2},"end":{"line":30,"column":3}},"9":{"start":{"line":29,"column":4},"end":{"line":29,"column":12}},"10":{"start":{"line":33,"column":2},"end":{"line":37,"column":3}},"11":{"start":{"line":34,"column":4},"end":{"line":34,"column":12}},"12":{"start":{"line":36,"column":4},"end":{"line":36,"column":66}},"13":{"start":{"line":39,"column":2},"end":{"line":43,"column":3}},"14":{"start":{"line":40,"column":4},"end":{"line":40,"column":12}},"15":{"start":{"line":42,"column":4},"end":{"line":42,"column":49}},"16":{"start":{"line":45,"column":2},"end":{"line":49,"column":3}},"17":{"start":{"line":46,"column":4},"end":{"line":46,"column":12}},"18":{"start":{"line":48,"column":4},"end":{"line":48,"column":71}},"19":{"start":{"line":52,"column":25},"end":{"line":58,"column":3}},"20":{"start":{"line":60,"column":27},"end":{"line":62,"column":3}},"21":{"start":{"line":61,"column":4},"end":{"line":61,"column":26}},"22":{"start":{"line":64,"column":2},"end":{"line":67,"column":3}},"23":{"start":{"line":65,"column":4},"end":{"line":65,"column":35}},"24":{"start":{"line":66,"column":4},"end":{"line":66,"column":67}},"25":{"start":{"line":70,"column":2},"end":{"line":70,"column":42}},"26":{"start":{"line":73,"column":2},"end":{"line":78,"column":29}},"27":{"start":{"line":73,"column":19},"end":{"line":73,"column":34}},"28":{"start":{"line":74,"column":7},"end":{"line":78,"column":29}},"29":{"start":{"line":74,"column":24},"end":{"line":74,"column":39}},"30":{"start":{"line":75,"column":7},"end":{"line":78,"column":29}},"31":{"start":{"line":75,"column":24},"end":{"line":75,"column":39}},"32":{"start":{"line":76,"column":7},"end":{"line":78,"column":29}},"33":{"start":{"line":76,"column":24},"end":{"line":76,"column":39}},"34":{"start":{"line":77,"column":7},"end":{"line":78,"column":29}},"35":{"start":{"line":77,"column":24},"end":{"line":77,"column":41}},"36":{"start":{"line":78,"column":7},"end":{"line":78,"column":29}},"37":{"start":{"line":80,"column":2},"end":{"line":80,"column":36}},"38":{"start":{"line":83,"column":29},"end":{"line":86,"column":1}},"39":{"start":{"line":84,"column":21},"end":{"line":84,"column":49}},"40":{"start":{"line":85,"column":2},"end":{"line":85,"column":32}},"41":{"start":{"line":88,"column":35},"end":{"line":93,"column":1}},"42":{"start":{"line":90,"column":18},"end":{"line":90,"column":42}},"43":{"start":{"line":92,"column":2},"end":{"line":92,"column":53}},"44":{"start":{"line":95,"column":37},"end":{"line":97,"column":1}},"45":{"start":{"line":96,"column":2},"end":{"line":96,"column":33}},"46":{"start":{"line":99,"column":37},"end":{"line":104,"column":1}},"47":{"start":{"line":103,"column":2},"end":{"line":103,"column":61}}},"fnMap":{"0":{"name":"(anonymous_0)","decl":{"start":{"line":7,"column":40},"end":{"line":7,"column":41}},"loc":{"start":{"line":9,"column":23},"end":{"line":81,"column":1}},"line":9},"1":{"name":"(anonymous_1)","decl":{"start":{"line":60,"column":47},"end":{"line":60,"column":48}},"loc":{"start":{"line":61,"column":4},"end":{"line":61,"column":26}},"line":61},"2":{"name":"(anonymous_2)","decl":{"start":{"line":83,"column":29},"end":{"line":83,"column":30}},"loc":{"start":{"line":83,"column":57},"end":{"line":86,"column":1}},"line":83},"3":{"name":"(anonymous_3)","decl":{"start":{"line":88,"column":35},"end":{"line":88,"column":36}},"loc":{"start":{"line":88,"column":63},"end":{"line":93,"column":1}},"line":88},"4":{"name":"(anonymous_4)","decl":{"start":{"line":95,"column":37},"end":{"line":95,"column":38}},"loc":{"start":{"line":95,"column":65},"end":{"line":97,"column":1}},"line":95},"5":{"name":"(anonymous_5)","decl":{"start":{"line":99,"column":37},"end":{"line":99,"column":38}},"loc":{"start":{"line":102,"column":14},"end":{"line":104,"column":1}},"line":102}},"branchMap":{"0":{"loc":{"start":{"line":13,"column":2},"end":{"line":19,"column":3}},"type":"if","locations":[{"start":{"line":13,"column":2},"end":{"line":19,"column":3}},{"start":{},"end":{}}],"line":13},"1":{"loc":{"start":{"line":22,"column":2},"end":{"line":26,"column":3}},"type":"if","locations":[{"start":{"line":22,"column":2},"end":{"line":26,"column":3}},{"start":{"line":24,"column":9},"end":{"line":26,"column":3}}],"line":22},"2":{"loc":{"start":{"line":28,"column":2},"end":{"line":30,"column":3}},"type":"if","locations":[{"start":{"line":28,"column":2},"end":{"line":30,"column":3}},{"start":{},"end":{}}],"line":28},"3":{"loc":{"start":{"line":33,"column":2},"end":{"line":37,"column":3}},"type":"if","locations":[{"start":{"line":33,"column":2},"end":{"line":37,"column":3}},{"start":{"line":35,"column":9},"end":{"line":37,"column":3}}],"line":33},"4":{"loc":{"start":{"line":33,"column":6},"end":{"line":33,"column":54}},"type":"binary-expr","locations":[{"start":{"line":33,"column":6},"end":{"line":33,"column":28}},{"start":{"line":33,"column":32},"end":{"line":33,"column":54}}],"line":33},"5":{"loc":{"start":{"line":39,"column":2},"end":{"line":43,"column":3}},"type":"if","locations":[{"start":{"line":39,"column":2},"end":{"line":43,"column":3}},{"start":{"line":41,"column":9},"end":{"line":43,"column":3}}],"line":39},"6":{"loc":{"start":{"line":45,"column":2},"end":{"line":49,"column":3}},"type":"if","locations":[{"start":{"line":45,"column":2},"end":{"line":49,"column":3}},{"start":{"line":47,"column":9},"end":{"line":49,"column":3}}],"line":45},"7":{"loc":{"start":{"line":64,"column":2},"end":{"line":67,"column":3}},"type":"if","locations":[{"start":{"line":64,"column":2},"end":{"line":67,"column":3}},{"start":{},"end":{}}],"line":64},"8":{"loc":{"start":{"line":73,"column":2},"end":{"line":78,"column":29}},"type":"if","locations":[{"start":{"line":73,"column":2},"end":{"line":78,"column":29}},{"start":{"line":74,"column":7},"end":{"line":78,"column":29}}],"line":73},"9":{"loc":{"start":{"line":74,"column":7},"end":{"line":78,"column":29}},"type":"if","locations":[{"start":{"line":74,"column":7},"end":{"line":78,"column":29}},{"start":{"line":75,"column":7},"end":{"line":78,"column":29}}],"line":74},"10":{"loc":{"start":{"line":75,"column":7},"end":{"line":78,"column":29}},"type":"if","locations":[{"start":{"line":75,"column":7},"end":{"line":78,"column":29}},{"start":{"line":76,"column":7},"end":{"line":78,"column":29}}],"line":75},"11":{"loc":{"start":{"line":76,"column":7},"end":{"line":78,"column":29}},"type":"if","locations":[{"start":{"line":76,"column":7},"end":{"line":78,"column":29}},{"start":{"line":77,"column":7},"end":{"line":78,"column":29}}],"line":76},"12":{"loc":{"start":{"line":77,"column":7},"end":{"line":78,"column":29}},"type":"if","locations":[{"start":{"line":77,"column":7},"end":{"line":78,"column":29}},{"start":{"line":78,"column":7},"end":{"line":78,"column":29}}],"line":77},"13":{"loc":{"start":{"line":92,"column":9},"end":{"line":92,"column":52}},"type":"binary-expr","locations":[{"start":{"line":92,"column":9},"end":{"line":92,"column":28}},{"start":{"line":92,"column":32},"end":{"line":92,"column":52}}],"line":92},"14":{"loc":{"start":{"line":103,"column":9},"end":{"line":103,"column":60}},"type":"binary-expr","locations":[{"start":{"line":103,"column":9},"end":{"line":103,"column":37}},{"start":{"line":103,"column":41},"end":{"line":103,"column":60}}],"line":103}},"s":{"0":1,"1":9,"2":9,"3":9,"4":1,"5":8,"6":7,"7":1,"8":8,"9":3,"10":8,"11":5,"12":3,"13":8,"14":7,"15":1,"16":8,"17":4,"18":4,"19":8,"20":8,"21":24,"22":8,"23":7,"24":7,"25":8,"26":8,"27":1,"28":7,"29":1,"30":6,"31":3,"32":3,"33":1,"34":2,"35":2,"36":0,"37":8,"38":1,"39":8,"40":8,"41":1,"42":8,"43":8,"44":1,"45":4,"46":1,"47":7},"f":{"0":9,"1":24,"2":8,"3":8,"4":4,"5":7},"b":{"0":[1,8],"1":[7,1],"2":[3,5],"3":[5,3],"4":[8,8],"5":[7,1],"6":[4,4],"7":[7,1],"8":[1,7],"9":[1,6],"10":[3,3],"11":[1,2],"12":[2,0],"13":[8,6],"14":[7,3]},"_coverageSchema":"1a1c01bbd47fc00a2c39e90264f33305004495a9","hash":"ac40e64d4a3785084e05a3eaffa878ab497a0f82"}
}
