TN:
SF:expo-env.d.ts
FNF:0
FNH:0
LF:0
LH:0
BRF:0
BRH:0
end_of_record
TN:
SF:.expo/types/router.d.ts
FNF:0
FNH:0
LF:0
LH:0
BRF:0
BRH:0
end_of_record
TN:
SF:app/_layout.tsx
FN:18,RootLayout
FNF:1
FNH:0
FNDA:0,RootLayout
DA:14,0
DA:19,0
DA:21,0
LF:3
LH:0
BRDA:25,0,0,0
BRDA:25,0,1,0
BRF:2
BRH:0
end_of_record
TN:
SF:app/account.tsx
FN:8,AccountScreen
FN:13,(anonymous_1)
FN:19,(anonymous_2)
FN:25,(anonymous_3)
FN:36,(anonymous_4)
FNF:5
FNH:0
FNDA:0,AccountScreen
FNDA:0,(anonymous_1)
FNDA:0,(anonymous_2)
FNDA:0,(anonymous_3)
FNDA:0,(anonymous_4)
DA:9,0
DA:10,0
DA:11,0
DA:13,0
DA:14,0
DA:20,0
DA:21,0
DA:22,0
DA:25,0
DA:29,0
DA:36,0
DA:37,0
DA:40,0
DA:210,0
LF:14
LH:0
BRDA:47,0,0,0
BRDA:47,0,1,0
BRDA:54,1,0,0
BRDA:54,1,1,0
BRDA:54,2,0,0
BRDA:54,2,1,0
BRDA:94,3,0,0
BRDA:94,3,1,0
BRF:8
BRH:0
end_of_record
TN:
SF:app/modal.tsx
FN:7,ModalScreen
FNF:1
FNH:0
FNDA:0,ModalScreen
DA:8,0
DA:18,0
LF:2
LH:0
BRF:0
BRH:0
end_of_record
TN:
SF:app/showcase.tsx
FN:6,ComponentShowcase
FNF:1
FNH:0
FNDA:0,ComponentShowcase
DA:7,0
DA:9,0
DA:117,0
LF:3
LH:0
BRDA:16,0,0,0
BRDA:16,0,1,0
BRF:2
BRH:0
end_of_record
TN:
SF:app/(tabs)/_layout.tsx
FN:9,TabLayout
FN:23,(anonymous_1)
FN:30,(anonymous_2)
FNF:3
FNH:0
FNDA:0,TabLayout
FNDA:0,(anonymous_1)
FNDA:0,(anonymous_2)
DA:10,0
DA:12,0
DA:23,0
DA:30,0
LF:4
LH:0
BRDA:15,0,0,0
BRDA:15,0,1,0
BRF:2
BRH:0
end_of_record
TN:
SF:app/(tabs)/explore.tsx
FN:12,TabTwoScreen
FNF:1
FNH:0
FNDA:0,TabTwoScreen
DA:13,0
DA:101,0
LF:2
LH:0
BRF:0
BRH:0
end_of_record
TN:
SF:app/(tabs)/index.tsx
FN:11,HomeScreen
FN:42,(anonymous_1)
FN:58,(anonymous_2)
FN:101,(anonymous_3)
FN:106,(anonymous_4)
FN:113,(anonymous_5)
FNF:6
FNH:0
FNDA:0,HomeScreen
FNDA:0,(anonymous_1)
FNDA:0,(anonymous_2)
FNDA:0,(anonymous_3)
FNDA:0,(anonymous_4)
FNDA:0,(anonymous_5)
DA:12,0
DA:13,0
DA:15,0
DA:42,0
DA:58,0
DA:101,0
DA:106,0
DA:113,0
DA:140,0
LF:9
LH:0
BRDA:28,0,0,0
BRDA:28,0,1,0
BRDA:28,1,0,0
BRDA:28,1,1,0
BRDA:29,2,0,0
BRDA:29,2,1,0
BRDA:36,3,0,0
BRDA:36,3,1,0
BRF:8
BRH:0
end_of_record
TN:
SF:app/auth/_layout.tsx
FN:4,AuthLayout
FNF:1
FNH:0
FNDA:0,AuthLayout
DA:5,0
DA:7,0
LF:2
LH:0
BRF:0
BRH:0
end_of_record
TN:
SF:app/auth/login.tsx
FN:10,LoginScreen
FN:16,(anonymous_1)
FN:18,(anonymous_2)
FN:30,(anonymous_3)
FN:34,(anonymous_4)
FN:41,(anonymous_5)
FN:55,(anonymous_6)
FNF:7
FNH:0
FNDA:0,LoginScreen
FNDA:0,(anonymous_1)
FNDA:0,(anonymous_2)
FNDA:0,(anonymous_3)
FNDA:0,(anonymous_4)
FNDA:0,(anonymous_5)
FNDA:0,(anonymous_6)
DA:11,0
DA:12,0
DA:13,0
DA:14,0
DA:16,0
DA:17,0
DA:18,0
DA:19,0
DA:20,0
DA:21,0
DA:22,0
DA:24,0
DA:25,0
DA:26,0
DA:30,0
DA:34,0
DA:35,0
DA:36,0
DA:38,0
DA:41,0
DA:45,0
DA:55,0
DA:56,0
DA:59,0
DA:104,0
LF:25
LH:0
BRDA:17,0,0,0
BRDA:17,0,1,0
BRDA:17,1,0,0
BRDA:17,1,1,0
BRDA:20,2,0,0
BRDA:20,2,1,0
BRDA:47,3,0,0
BRDA:47,3,1,0
BRDA:63,4,0,0
BRDA:63,4,1,0
BRDA:72,5,0,0
BRDA:72,5,1,0
BRDA:72,5,2,0
BRDA:85,6,0,0
BRDA:85,6,1,0
BRDA:85,6,2,0
BRF:16
BRH:0
end_of_record
TN:
SF:app/auth/signup.tsx
FN:12,SignupScreen
FN:17,(anonymous_1)
FN:37,(anonymous_2)
FN:52,(anonymous_3)
FNF:4
FNH:0
FNDA:0,SignupScreen
FNDA:0,(anonymous_1)
FNDA:0,(anonymous_2)
FNDA:0,(anonymous_3)
DA:13,0
DA:14,0
DA:15,0
DA:17,0
DA:18,0
DA:19,0
DA:23,0
DA:31,0
DA:37,0
DA:42,0
DA:52,0
DA:53,0
DA:56,0
DA:80,0
LF:14
LH:0
BRDA:19,0,0,0
BRDA:19,0,1,0
BRDA:44,1,0,0
BRDA:44,1,1,0
BRDA:60,2,0,0
BRDA:60,2,1,0
BRDA:72,3,0,0
BRDA:72,3,1,0
BRF:8
BRH:0
end_of_record
TN:
SF:components/external-link.tsx
FN:7,ExternalLink
FN:13,(anonymous_1)
FNF:2
FNH:0
FNDA:0,ExternalLink
FNDA:0,(anonymous_1)
DA:8,0
DA:14,0
DA:16,0
DA:18,0
LF:4
LH:0
BRDA:14,0,0,0
BRDA:14,0,1,0
BRF:2
BRH:0
end_of_record
TN:
SF:components/haptic-tab.tsx
FN:5,HapticTab
FN:9,(anonymous_1)
FNF:2
FNH:0
FNDA:0,HapticTab
FNDA:0,(anonymous_1)
DA:6,0
DA:10,0
DA:12,0
DA:14,0
LF:4
LH:0
BRDA:10,0,0,0
BRDA:10,0,1,0
BRF:2
BRH:0
end_of_record
TN:
SF:components/hello-wave.tsx
FN:3,HelloWave
FNF:1
FNH:0
FNDA:0,HelloWave
DA:4,0
LF:1
LH:0
BRF:0
BRH:0
end_of_record
TN:
SF:components/index.ts
FNF:0
FNH:0
LF:0
LH:0
BRF:0
BRH:0
end_of_record
TN:
SF:components/parallax-scroll-view.tsx
FN:21,ParallaxScrollView
FN:30,(anonymous_1)
FNF:2
FNH:0
FNDA:0,ParallaxScrollView
FNDA:0,(anonymous_1)
DA:14,0
DA:26,0
DA:27,0
DA:28,0
DA:29,0
DA:30,0
DA:31,0
DA:47,0
DA:65,0
LF:9
LH:0
BRDA:27,0,0,0
BRDA:27,0,1,0
BRF:2
BRH:0
end_of_record
TN:
SF:components/themed-text.tsx
FN:11,ThemedText
FNF:1
FNH:0
FNDA:0,ThemedText
DA:18,0
DA:20,0
DA:36,0
LF:3
LH:0
BRDA:15,0,0,0
BRDA:24,1,0,0
BRDA:24,1,1,0
BRDA:25,2,0,0
BRDA:25,2,1,0
BRDA:26,3,0,0
BRDA:26,3,1,0
BRDA:27,4,0,0
BRDA:27,4,1,0
BRDA:28,5,0,0
BRDA:28,5,1,0
BRF:11
BRH:0
end_of_record
TN:
SF:components/themed-view.tsx
FN:10,ThemedView
FNF:1
FNH:0
FNDA:0,ThemedView
DA:11,0
DA:13,0
LF:2
LH:0
BRF:0
BRH:0
end_of_record
TN:
SF:components/atoms/button.tsx
FN:18,(anonymous_0)
FN:29,(anonymous_1)
FN:44,(anonymous_2)
FNF:3
FNH:0
FNDA:0,(anonymous_0)
FNDA:0,(anonymous_1)
FNDA:0,(anonymous_2)
DA:18,0
DA:27,0
DA:29,0
DA:30,0
DA:31,0
DA:33,0
DA:35,0
DA:38,0
DA:40,0
DA:44,0
DA:45,0
DA:46,0
DA:49,0
DA:52,0
DA:54,0
DA:58,0
DA:94,0
LF:17
LH:0
BRDA:19,0,0,0
BRDA:20,1,0,0
BRDA:21,2,0,0
BRDA:30,3,0,0
BRDA:30,3,1,0
BRDA:31,4,0,0
BRDA:31,4,1,0
BRDA:31,4,2,0
BRDA:31,4,3,0
BRDA:31,4,4,0
BRDA:45,5,0,0
BRDA:45,5,1,0
BRDA:46,6,0,0
BRDA:46,6,1,0
BRDA:46,6,2,0
BRDA:46,6,3,0
BRDA:46,6,4,0
BRDA:62,7,0,0
BRDA:62,7,1,0
BRDA:63,8,0,0
BRDA:63,8,1,0
BRDA:64,9,0,0
BRDA:64,9,1,0
BRDA:65,10,0,0
BRDA:65,10,1,0
BRDA:72,11,0,0
BRDA:72,11,1,0
BRDA:75,12,0,0
BRDA:75,12,1,0
BRDA:81,13,0,0
BRDA:81,13,1,0
BRDA:82,14,0,0
BRDA:82,14,1,0
BRDA:83,15,0,0
BRDA:83,15,1,0
BRF:35
BRH:0
end_of_record
TN:
SF:components/atoms/card.tsx
FN:10,(anonymous_0)
FNF:1
FNH:0
FNDA:0,(anonymous_0)
DA:10,0
DA:11,0
DA:13,0
DA:26,0
LF:4
LH:0
BRF:0
BRH:0
end_of_record
TN:
SF:components/atoms/icon-button.tsx
FN:13,(anonymous_0)
FNF:1
FNH:0
FNDA:0,(anonymous_0)
DA:13,0
DA:19,0
DA:21,0
DA:28,0
LF:4
LH:0
BRDA:15,0,0,0
BRDA:23,1,0,0
BRDA:23,1,1,0
BRF:3
BRH:0
end_of_record
TN:
SF:components/atoms/index.ts
FNF:0
FNH:0
LF:0
LH:0
BRF:0
BRH:0
end_of_record
TN:
SF:components/atoms/input.tsx
FN:15,(anonymous_0)
FNF:1
FNH:0
FNDA:0,(anonymous_0)
DA:14,0
DA:16,0
DA:18,0
DA:39,0
DA:41,0
LF:5
LH:0
BRDA:26,0,0,0
BRDA:26,0,1,0
BRF:2
BRH:0
end_of_record
TN:
SF:components/atoms/text.tsx
FN:14,(anonymous_0)
FNF:1
FNH:0
FNDA:0,(anonymous_0)
DA:14,0
DA:20,0
DA:22,0
DA:24,0
DA:42,0
LF:5
LH:0
BRDA:15,0,0,0
BRDA:22,1,0,0
BRDA:22,1,1,0
BRDA:28,2,0,0
BRDA:28,2,1,0
BRDA:29,3,0,0
BRDA:29,3,1,0
BRDA:30,4,0,0
BRDA:30,4,1,0
BRDA:31,5,0,0
BRDA:31,5,1,0
BRDA:32,6,0,0
BRDA:32,6,1,0
BRDA:33,7,0,0
BRDA:33,7,1,0
BRF:15
BRH:0
end_of_record
TN:
SF:components/molecules/checkbox.tsx
FN:14,Checkbox
FN:25,(anonymous_1)
FN:28,(anonymous_2)
FNF:3
FNH:0
FNDA:0,Checkbox
FNDA:0,(anonymous_1)
FNDA:0,(anonymous_2)
DA:19,0
DA:21,0
DA:26,0
DA:28,0
DA:51,0
LF:5
LH:0
BRDA:36,0,0,0
BRDA:36,0,1,0
BRDA:40,1,0,0
BRDA:40,1,1,0
BRF:4
BRH:0
end_of_record
TN:
SF:components/molecules/form-header.tsx
FN:11,(anonymous_0)
FNF:1
FNH:0
FNDA:0,(anonymous_0)
DA:11,0
DA:12,0
DA:14,0
DA:31,0
LF:4
LH:0
BRDA:19,0,0,0
BRDA:19,0,1,0
BRF:2
BRH:0
end_of_record
TN:
SF:components/molecules/form-input.tsx
FN:33,FormInput
FN:50,(anonymous_1)
FNF:2
FNH:0
FNDA:0,FormInput
FNDA:0,(anonymous_1)
DA:43,0
DA:45,0
DA:54,0
DA:85,0
LF:4
LH:0
BRDA:39,0,0,0
BRDA:40,1,0,0
BRDA:55,2,0,0
BRDA:55,2,1,0
BRDA:71,3,0,0
BRDA:71,3,1,0
BRF:6
BRH:0
end_of_record
TN:
SF:components/molecules/index.ts
FNF:0
FNH:0
LF:0
LH:0
BRF:0
BRH:0
end_of_record
TN:
SF:components/molecules/labeled-input.tsx
FN:11,(anonymous_0)
FNF:1
FNH:0
FNDA:0,(anonymous_0)
DA:11,0
DA:17,0
DA:19,0
DA:42,0
LF:4
LH:0
BRDA:28,0,0,0
BRDA:28,0,1,0
BRDA:35,1,0,0
BRDA:35,1,1,0
BRF:4
BRH:0
end_of_record
TN:
SF:components/molecules/link-text.tsx
FN:12,(anonymous_0)
FNF:1
FNH:0
FNDA:0,(anonymous_0)
DA:12,0
DA:17,0
DA:19,0
DA:33,0
LF:4
LH:0
BRF:0
BRH:0
end_of_record
TN:
SF:components/molecules/password-strength-indicator.tsx
FN:14,(anonymous_0)
FN:20,(anonymous_1)
FN:40,(anonymous_2)
FN:60,(anonymous_3)
FNF:4
FNH:0
FNDA:0,(anonymous_0)
FNDA:0,(anonymous_1)
FNDA:0,(anonymous_2)
FNDA:0,(anonymous_3)
DA:14,0
DA:15,0
DA:16,0
DA:18,0
DA:20,0
DA:21,0
DA:24,0
DA:26,0
DA:28,0
DA:31,0
DA:35,0
DA:37,0
DA:41,0
DA:61,0
DA:71,0
LF:15
LH:0
BRDA:14,0,0,0
BRDA:18,1,0,0
BRDA:18,1,1,0
BRDA:21,2,0,0
BRDA:21,2,1,0
BRDA:21,2,2,0
BRDA:21,2,3,0
BRDA:21,2,4,0
BRDA:21,2,5,0
BRDA:47,3,0,0
BRDA:47,3,1,0
BRDA:58,4,0,0
BRDA:58,4,1,0
BRDA:58,4,2,0
BRF:14
BRH:0
end_of_record
TN:
SF:components/molecules/phone-input.tsx
FN:25,(anonymous_0)
FN:39,(anonymous_1)
FN:43,(anonymous_2)
FN:49,(anonymous_3)
FN:67,(anonymous_4)
FN:100,(anonymous_5)
FN:112,(anonymous_6)
FN:137,(anonymous_7)
FN:140,(anonymous_8)
FNF:9
FNH:0
FNDA:0,(anonymous_0)
FNDA:0,(anonymous_1)
FNDA:0,(anonymous_2)
FNDA:0,(anonymous_3)
FNDA:0,(anonymous_4)
FNDA:0,(anonymous_5)
FNDA:0,(anonymous_6)
FNDA:0,(anonymous_7)
FNDA:0,(anonymous_8)
DA:25,0
DA:35,0
DA:36,0
DA:37,0
DA:39,0
DA:41,0
DA:44,0
DA:49,0
DA:50,0
DA:51,0
DA:52,0
DA:55,0
DA:67,0
DA:100,0
DA:112,0
DA:138,0
DA:140,0
DA:160,0
LF:18
LH:0
BRDA:32,0,0,0
BRDA:33,1,0,0
BRDA:41,2,0,0
BRDA:41,2,1,0
BRDA:44,3,0,0
BRDA:44,3,1,0
BRDA:61,4,0,0
BRDA:61,4,1,0
BRDA:74,5,0,0
BRDA:74,5,1,0
BRDA:92,6,0,0
BRDA:92,6,1,0
BRF:12
BRH:0
end_of_record
TN:
SF:components/organisms/index.ts
FNF:0
FNH:0
LF:0
LH:0
BRF:0
BRH:0
end_of_record
TN:
SF:components/organisms/login-form.tsx
FN:23,(anonymous_0)
FN:38,(anonymous_1)
FNF:2
FNH:0
FNDA:0,(anonymous_0)
FNDA:0,(anonymous_1)
DA:23,0
DA:28,0
DA:36,0
DA:38,0
DA:39,0
DA:40,0
DA:41,0
DA:43,0
DA:47,0
DA:114,0
LF:10
LH:0
BRDA:26,0,0,0
BRDA:49,1,0,0
BRDA:49,1,1,0
BRDA:95,2,0,0
BRDA:95,2,1,0
BRF:5
BRH:0
end_of_record
TN:
SF:components/organisms/registration-form.tsx
FN:43,(anonymous_0)
FN:77,(anonymous_1)
FN:79,(anonymous_2)
FN:90,(anonymous_3)
FN:94,(anonymous_4)
FN:125,(anonymous_5)
FN:144,(anonymous_6)
FN:169,(anonymous_7)
FN:187,(anonymous_8)
FN:204,(anonymous_9)
FN:220,(anonymous_10)
FN:222,(anonymous_11)
FNF:12
FNH:0
FNDA:0,(anonymous_0)
FNDA:0,(anonymous_1)
FNDA:0,(anonymous_2)
FNDA:0,(anonymous_3)
FNDA:0,(anonymous_4)
FNDA:0,(anonymous_5)
FNDA:0,(anonymous_6)
FNDA:0,(anonymous_7)
FNDA:0,(anonymous_8)
FNDA:0,(anonymous_9)
FNDA:0,(anonymous_10)
FNDA:0,(anonymous_11)
DA:43,0
DA:56,0
DA:69,0
DA:70,0
DA:73,0
DA:74,0
DA:77,0
DA:78,0
DA:79,0
DA:80,0
DA:87,0
DA:90,0
DA:94,0
DA:95,0
DA:96,0
DA:97,0
DA:99,0
DA:103,0
DA:126,0
DA:145,0
DA:146,0
DA:147,0
DA:149,0
DA:170,0
DA:188,0
DA:205,0
DA:220,0
DA:223,0
DA:224,0
DA:256,0
LF:30
LH:0
BRDA:46,0,0,0
BRDA:59,1,0,0
BRDA:59,1,1,0
BRDA:62,2,0,0
BRDA:62,2,1,0
BRDA:63,3,0,0
BRDA:63,3,1,0
BRDA:64,4,0,0
BRDA:64,4,1,0
BRDA:65,5,0,0
BRDA:65,5,1,0
BRDA:71,6,0,0
BRDA:71,6,1,0
BRDA:78,7,0,0
BRDA:78,7,1,0
BRDA:105,8,0,0
BRDA:105,8,1,0
BRDA:126,9,0,0
BRDA:126,9,1,0
BRDA:146,10,0,0
BRDA:146,10,1,0
BRDA:161,11,0,0
BRDA:161,11,1,0
BRDA:170,12,0,0
BRDA:170,12,1,0
BRDA:188,13,0,0
BRDA:188,13,1,0
BRDA:205,14,0,0
BRDA:205,14,1,0
BRDA:219,15,0,0
BRDA:219,15,1,0
BRDA:234,16,0,0
BRDA:234,16,1,0
BRDA:234,16,2,0
BRDA:235,17,0,0
BRDA:235,17,1,0
BRF:36
BRH:0
end_of_record
TN:
SF:components/organisms/signup-form.tsx
FN:23,(anonymous_0)
FN:40,(anonymous_1)
FN:116,(anonymous_2)
FNF:3
FNH:0
FNDA:0,(anonymous_0)
FNDA:0,(anonymous_1)
FNDA:0,(anonymous_2)
DA:23,0
DA:28,0
DA:37,0
DA:38,0
DA:40,0
DA:41,0
DA:42,0
DA:43,0
DA:45,0
DA:49,0
DA:117,0
DA:144,0
LF:12
LH:0
BRDA:26,0,0,0
BRDA:51,1,0,0
BRDA:51,1,1,0
BRDA:117,2,0,0
BRDA:117,2,1,0
BRDA:125,3,0,0
BRDA:125,3,1,0
BRF:7
BRH:0
end_of_record
TN:
SF:components/ui/collapsible.tsx
FN:10,Collapsible
FN:18,(anonymous_1)
FN:18,(anonymous_2)
FNF:3
FNH:0
FNDA:0,Collapsible
FNDA:0,(anonymous_1)
FNDA:0,(anonymous_2)
DA:11,0
DA:12,0
DA:14,0
DA:18,0
DA:35,0
LF:5
LH:0
BRDA:12,0,0,0
BRDA:12,0,1,0
BRDA:24,1,0,0
BRDA:24,1,1,0
BRDA:25,2,0,0
BRDA:25,2,1,0
BRDA:30,3,0,0
BRDA:30,3,1,0
BRF:8
BRH:0
end_of_record
TN:
SF:components/ui/icon-symbol.ios.tsx
FN:4,IconSymbol
FNF:1
FNH:0
FNDA:0,IconSymbol
DA:17,0
LF:1
LH:0
BRDA:6,0,0,0
BRDA:9,1,0,0
BRF:2
BRH:0
end_of_record
TN:
SF:components/ui/icon-symbol.tsx
FN:28,IconSymbol
FNF:1
FNH:0
FNDA:0,IconSymbol
DA:16,0
DA:40,0
LF:2
LH:0
BRDA:30,0,0,0
BRF:1
BRH:0
end_of_record
TN:
SF:constants/theme.ts
FNF:0
FNH:0
DA:8,0
DA:9,0
DA:11,0
DA:52,0
LF:4
LH:0
BRF:0
BRH:0
end_of_record
TN:
SF:context/auth-context.tsx
FN:70,(anonymous_0)
FN:78,(anonymous_1)
FN:85,(anonymous_2)
FN:110,(anonymous_3)
FN:123,(anonymous_4)
FN:149,(anonymous_5)
FN:162,(anonymous_6)
FN:177,(anonymous_7)
FN:258,(anonymous_8)
FN:267,(anonymous_9)
FN:302,(anonymous_10)
FN:322,(anonymous_11)
FN:334,(anonymous_12)
FN:368,(anonymous_13)
FNF:14
FNH:14
FNDA:23,(anonymous_0)
FNDA:8,(anonymous_1)
FNDA:8,(anonymous_2)
FNDA:8,(anonymous_3)
FNDA:8,(anonymous_4)
FNDA:1,(anonymous_5)
FNDA:3,(anonymous_6)
FNDA:3,(anonymous_7)
FNDA:4,(anonymous_8)
FNDA:4,(anonymous_9)
FNDA:1,(anonymous_10)
FNDA:1,(anonymous_11)
FNDA:4,(anonymous_12)
FNDA:23,(anonymous_13)
DA:51,1
DA:54,1
DA:67,1
DA:68,1
DA:70,1
DA:71,23
DA:72,23
DA:73,23
DA:74,23
DA:76,23
DA:78,23
DA:79,8
DA:80,8
DA:81,8
DA:85,23
DA:86,8
DA:87,8
DA:92,8
DA:93,1
DA:96,8
DA:97,0
DA:98,0
DA:99,0
DA:102,0
DA:106,0
DA:110,23
DA:111,8
DA:112,8
DA:115,8
DA:116,0
DA:119,0
DA:123,23
DA:124,8
DA:126,8
DA:134,8
DA:135,0
DA:143,0
DA:145,8
DA:149,23
DA:150,1
DA:151,1
DA:155,1
DA:156,1
DA:158,0
DA:162,23
DA:168,3
DA:169,0
DA:170,0
DA:175,3
DA:177,3
DA:181,3
DA:190,3
DA:191,0
DA:194,3
DA:195,3
DA:196,2
DA:200,1
DA:203,1
DA:206,1
DA:214,1
DA:222,2
DA:225,2
DA:228,2
DA:231,2
DA:232,2
DA:238,2
DA:239,1
DA:240,1
DA:241,1
DA:246,1
DA:251,1
DA:252,1
DA:258,23
DA:265,4
DA:267,4
DA:270,4
DA:273,4
DA:285,4
DA:286,1
DA:291,4
DA:294,4
DA:296,4
DA:298,0
DA:302,23
DA:303,1
DA:305,1
DA:315,1
DA:317,0
DA:318,0
DA:322,23
DA:323,1
DA:324,1
DA:328,1
DA:330,0
DA:334,23
DA:335,4
DA:336,4
DA:337,4
DA:339,0
DA:343,23
DA:345,23
DA:368,1
DA:369,23
DA:370,23
DA:371,0
DA:373,23
LF:106
LH:87
BRDA:92,0,0,1
BRDA:92,0,1,7
BRDA:96,1,0,0
BRDA:96,1,1,8
BRDA:98,2,0,0
BRDA:98,2,1,0
BRDA:115,3,0,0
BRDA:115,3,1,8
BRDA:134,4,0,0
BRDA:134,4,1,8
BRDA:134,5,0,8
BRDA:134,5,1,3
BRDA:134,5,2,1
BRDA:134,5,3,1
BRDA:139,6,0,0
BRDA:139,6,1,0
BRDA:165,7,0,2
BRDA:168,8,0,0
BRDA:168,8,1,3
BRDA:168,9,0,3
BRDA:168,9,1,0
BRDA:190,10,0,0
BRDA:190,10,1,3
BRDA:190,11,0,3
BRDA:190,11,1,3
BRDA:195,12,0,2
BRDA:195,12,1,1
BRDA:216,13,0,1
BRDA:216,13,1,0
BRDA:217,14,0,1
BRDA:217,14,1,0
BRDA:218,15,0,1
BRDA:218,15,1,1
BRDA:225,16,0,1
BRDA:225,16,1,1
BRDA:238,17,0,1
BRDA:238,17,1,1
BRDA:285,18,0,1
BRDA:285,18,1,3
BRDA:343,19,0,23
BRDA:343,19,1,0
BRDA:370,20,0,0
BRDA:370,20,1,23
BRF:43
BRH:29
end_of_record
TN:
SF:context/theme-context.tsx
FN:24,(anonymous_0)
FN:28,(anonymous_1)
FN:32,(anonymous_2)
FN:45,(anonymous_3)
FN:54,(anonymous_4)
FN:72,(anonymous_5)
FNF:6
FNH:0
FNDA:0,(anonymous_0)
FNDA:0,(anonymous_1)
FNDA:0,(anonymous_2)
FNDA:0,(anonymous_3)
FNDA:0,(anonymous_4)
FNDA:0,(anonymous_5)
DA:20,0
DA:22,0
DA:24,0
DA:25,0
DA:26,0
DA:28,0
DA:29,0
DA:32,0
DA:33,0
DA:34,0
DA:35,0
DA:36,0
DA:39,0
DA:41,0
DA:45,0
DA:46,0
DA:47,0
DA:48,0
DA:50,0
DA:54,0
DA:55,0
DA:56,0
DA:59,0
DA:61,0
DA:62,0
DA:65,0
DA:72,0
DA:73,0
DA:74,0
DA:75,0
DA:77,0
LF:31
LH:0
BRDA:35,0,0,0
BRDA:35,0,1,0
BRDA:35,1,0,0
BRDA:35,1,1,0
BRDA:55,2,0,0
BRDA:55,2,1,0
BRDA:59,3,0,0
BRDA:59,3,1,0
BRDA:61,4,0,0
BRDA:61,4,1,0
BRDA:74,5,0,0
BRDA:74,5,1,0
BRF:12
BRH:0
end_of_record
TN:
SF:hooks/use-color-scheme.ts
FNF:0
FNH:0
LF:0
LH:0
BRF:0
BRH:0
end_of_record
TN:
SF:hooks/use-color-scheme.web.ts
FN:7,useColorScheme
FN:10,(anonymous_1)
FNF:2
FNH:0
FNDA:0,useColorScheme
FNDA:0,(anonymous_1)
DA:8,0
DA:10,0
DA:11,0
DA:14,0
DA:16,0
DA:17,0
DA:20,0
LF:7
LH:0
BRDA:16,0,0,0
BRDA:16,0,1,0
BRF:2
BRH:0
end_of_record
TN:
SF:hooks/use-theme-color.ts
FN:9,useThemeColor
FNF:1
FNH:0
FNDA:0,useThemeColor
DA:13,0
DA:14,0
DA:16,0
DA:17,0
DA:19,0
LF:5
LH:0
BRDA:13,0,0,0
BRDA:13,0,1,0
BRDA:16,1,0,0
BRDA:16,1,1,0
BRF:4
BRH:0
end_of_record
TN:
SF:utils/secure-storage.ts
FN:20,(anonymous_0)
FN:39,(anonymous_1)
FN:59,(anonymous_2)
FN:78,(anonymous_3)
FN:101,(anonymous_4)
FN:119,(anonymous_5)
FN:137,(anonymous_6)
FNF:7
FNH:0
FNDA:0,(anonymous_0)
FNDA:0,(anonymous_1)
FNDA:0,(anonymous_2)
FNDA:0,(anonymous_3)
FNDA:0,(anonymous_4)
FNDA:0,(anonymous_5)
FNDA:0,(anonymous_6)
DA:16,0
DA:18,0
DA:21,0
DA:22,0
DA:24,0
DA:26,0
DA:27,0
DA:29,0
DA:32,0
DA:34,0
DA:35,0
DA:40,0
DA:41,0
DA:42,0
DA:43,0
DA:47,0
DA:48,0
DA:49,0
DA:52,0
DA:54,0
DA:55,0
DA:60,0
DA:61,0
DA:62,0
DA:63,0
DA:64,0
DA:67,0
DA:69,0
DA:70,0
DA:79,0
DA:102,0
DA:103,0
DA:106,0
DA:108,0
DA:110,0
DA:112,0
DA:120,0
DA:121,0
DA:124,0
DA:126,0
DA:128,0
DA:130,0
DA:138,0
DA:139,0
DA:140,0
DA:141,0
DA:142,0
DA:144,0
DA:148,0
LF:49
LH:0
BRDA:22,0,0,0
BRDA:22,0,1,0
BRDA:24,1,0,0
BRDA:24,1,1,0
BRDA:27,2,0,0
BRDA:27,2,1,0
BRDA:41,3,0,0
BRDA:41,3,1,0
BRDA:42,4,0,0
BRDA:42,4,1,0
BRDA:61,5,0,0
BRDA:61,5,1,0
BRDA:62,6,0,0
BRDA:62,6,1,0
BRDA:102,7,0,0
BRDA:102,7,1,0
BRDA:102,8,0,0
BRDA:102,8,1,0
BRDA:120,9,0,0
BRDA:120,9,1,0
BRDA:120,10,0,0
BRDA:120,10,1,0
BRF:22
BRH:0
end_of_record
TN:
SF:utils/validation.ts
FN:7,(anonymous_0)
FN:60,(anonymous_1)
FN:83,(anonymous_2)
FN:88,(anonymous_3)
FN:95,(anonymous_4)
FN:99,(anonymous_5)
FNF:6
FNH:6
FNDA:9,(anonymous_0)
FNDA:24,(anonymous_1)
FNDA:8,(anonymous_2)
FNDA:8,(anonymous_3)
FNDA:4,(anonymous_4)
FNDA:7,(anonymous_5)
DA:7,1
DA:10,9
DA:11,9
DA:13,9
DA:14,1
DA:22,8
DA:23,7
DA:25,1
DA:28,8
DA:29,3
DA:33,8
DA:34,5
DA:36,3
DA:39,8
DA:40,7
DA:42,1
DA:45,8
DA:46,4
DA:48,4
DA:52,8
DA:60,8
DA:61,24
DA:64,8
DA:65,7
DA:66,7
DA:70,8
DA:73,8
DA:74,7
DA:75,6
DA:76,3
DA:77,2
DA:78,0
DA:80,8
DA:83,1
DA:84,8
DA:85,8
DA:88,1
DA:90,8
DA:92,8
DA:95,1
DA:96,4
DA:99,1
DA:103,7
LF:43
LH:42
BRDA:13,0,0,1
BRDA:13,0,1,8
BRDA:22,1,0,7
BRDA:22,1,1,1
BRDA:28,2,0,3
BRDA:28,2,1,5
BRDA:33,3,0,5
BRDA:33,3,1,3
BRDA:33,4,0,8
BRDA:33,4,1,8
BRDA:39,5,0,7
BRDA:39,5,1,1
BRDA:45,6,0,4
BRDA:45,6,1,4
BRDA:64,7,0,7
BRDA:64,7,1,1
BRDA:73,8,0,1
BRDA:73,8,1,7
BRDA:74,9,0,1
BRDA:74,9,1,6
BRDA:75,10,0,3
BRDA:75,10,1,3
BRDA:76,11,0,1
BRDA:76,11,1,2
BRDA:77,12,0,2
BRDA:77,12,1,0
BRDA:92,13,0,8
BRDA:92,13,1,6
BRDA:103,14,0,7
BRDA:103,14,1,3
BRF:30
BRH:29
end_of_record
